{"C:\\Users\\bruno.smedeiros\\dev\\udemy\\CURSO-API_BASEADA_EM_TESTE_COM_JEST\\projetos\\seubarriga\\knexfile.js": {"path":"C:\\Users\\bruno.smedeiros\\dev\\udemy\\CURSO-API_BASEADA_EM_TESTE_COM_JEST\\projetos\\seubarriga\\knexfile.js","statementMap":{"0":{"start":{"line":1,"column":0},"end":{"line":19,"column":1}}},"fnMap":{},"branchMap":{},"s":{"0":7},"f":{},"b":{},"_coverageSchema":"332fd63041d2c1bcb487cc26dd0d5f7d97098a6c","hash":"258fae90443d9431f1263d8e1a711e4cc41eafdd"}
,"C:\\Users\\bruno.smedeiros\\dev\\udemy\\CURSO-API_BASEADA_EM_TESTE_COM_JEST\\projetos\\seubarriga\\src\\app.js": {"path":"C:\\Users\\bruno.smedeiros\\dev\\udemy\\CURSO-API_BASEADA_EM_TESTE_COM_JEST\\projetos\\seubarriga\\src\\app.js","statementMap":{"0":{"start":{"line":1,"column":12},"end":{"line":1,"column":32}},"1":{"start":{"line":2,"column":16},"end":{"line":2,"column":34}},"2":{"start":{"line":3,"column":13},"end":{"line":3,"column":28}},"3":{"start":{"line":4,"column":17},"end":{"line":4,"column":39}},"4":{"start":{"line":7,"column":0},"end":{"line":7,"column":29}},"5":{"start":{"line":9,"column":0},"end":{"line":15,"column":13}},"6":{"start":{"line":17,"column":0},"end":{"line":19,"column":3}},"7":{"start":{"line":18,"column":2},"end":{"line":18,"column":25}},"8":{"start":{"line":21,"column":0},"end":{"line":31,"column":3}},"9":{"start":{"line":22,"column":35},"end":{"line":22,"column":38}},"10":{"start":{"line":23,"column":2},"end":{"line":29,"column":3}},"11":{"start":{"line":24,"column":4},"end":{"line":24,"column":45}},"12":{"start":{"line":25,"column":9},"end":{"line":29,"column":3}},"13":{"start":{"line":26,"column":4},"end":{"line":26,"column":45}},"14":{"start":{"line":28,"column":4},"end":{"line":28,"column":51}},"15":{"start":{"line":30,"column":2},"end":{"line":30,"column":12}},"16":{"start":{"line":40,"column":0},"end":{"line":40,"column":21}}},"fnMap":{"0":{"name":"(anonymous_0)","decl":{"start":{"line":17,"column":13},"end":{"line":17,"column":14}},"loc":{"start":{"line":17,"column":27},"end":{"line":19,"column":1}},"line":17},"1":{"name":"(anonymous_1)","decl":{"start":{"line":21,"column":8},"end":{"line":21,"column":9}},"loc":{"start":{"line":21,"column":33},"end":{"line":31,"column":1}},"line":21}},"branchMap":{"0":{"loc":{"start":{"line":23,"column":2},"end":{"line":29,"column":3}},"type":"if","locations":[{"start":{"line":23,"column":2},"end":{"line":29,"column":3}},{"start":{"line":23,"column":2},"end":{"line":29,"column":3}}],"line":23},"1":{"loc":{"start":{"line":25,"column":9},"end":{"line":29,"column":3}},"type":"if","locations":[{"start":{"line":25,"column":9},"end":{"line":29,"column":3}},{"start":{"line":25,"column":9},"end":{"line":29,"column":3}}],"line":25}},"s":{"0":7,"1":7,"2":7,"3":7,"4":7,"5":7,"6":7,"7":1,"8":7,"9":34,"10":34,"11":27,"12":7,"13":7,"14":0,"15":34,"16":7},"f":{"0":1,"1":34},"b":{"0":[27,7],"1":[7,0]},"_coverageSchema":"332fd63041d2c1bcb487cc26dd0d5f7d97098a6c","hash":"8ca1df5afc81ac1f116849d69628b267388b1530"}
,"C:\\Users\\bruno.smedeiros\\dev\\udemy\\CURSO-API_BASEADA_EM_TESTE_COM_JEST\\projetos\\seubarriga\\src\\config\\middlewares.js": {"path":"C:\\Users\\bruno.smedeiros\\dev\\udemy\\CURSO-API_BASEADA_EM_TESTE_COM_JEST\\projetos\\seubarriga\\src\\config\\middlewares.js","statementMap":{"0":{"start":{"line":1,"column":18},"end":{"line":1,"column":40}},"1":{"start":{"line":3,"column":0},"end":{"line":5,"column":1}},"2":{"start":{"line":4,"column":4},"end":{"line":4,"column":30}}},"fnMap":{"0":{"name":"(anonymous_0)","decl":{"start":{"line":3,"column":17},"end":{"line":3,"column":18}},"loc":{"start":{"line":3,"column":26},"end":{"line":5,"column":1}},"line":3}},"branchMap":{},"s":{"0":7,"1":7,"2":7},"f":{"0":7},"b":{},"_coverageSchema":"332fd63041d2c1bcb487cc26dd0d5f7d97098a6c","hash":"93f809cbf7e0ee307deabe99880263d6d2ec450a"}
,"C:\\Users\\bruno.smedeiros\\dev\\udemy\\CURSO-API_BASEADA_EM_TESTE_COM_JEST\\projetos\\seubarriga\\src\\config\\passport.js": {"path":"C:\\Users\\bruno.smedeiros\\dev\\udemy\\CURSO-API_BASEADA_EM_TESTE_COM_JEST\\projetos\\seubarriga\\src\\config\\passport.js","statementMap":{"0":{"start":{"line":1,"column":17},"end":{"line":1,"column":36}},"1":{"start":{"line":2,"column":20},"end":{"line":2,"column":43}},"2":{"start":{"line":4,"column":15},"end":{"line":4,"column":25}},"3":{"start":{"line":6,"column":33},"end":{"line":6,"column":44}},"4":{"start":{"line":8,"column":0},"end":{"line":27,"column":2}},"5":{"start":{"line":9,"column":17},"end":{"line":12,"column":3}},"6":{"start":{"line":14,"column":19},"end":{"line":20,"column":4}},"7":{"start":{"line":15,"column":4},"end":{"line":19,"column":42}},"8":{"start":{"line":17,"column":8},"end":{"line":18,"column":31}},"9":{"start":{"line":17,"column":18},"end":{"line":17,"column":45}},"10":{"start":{"line":18,"column":13},"end":{"line":18,"column":31}},"11":{"start":{"line":19,"column":24},"end":{"line":19,"column":40}},"12":{"start":{"line":22,"column":2},"end":{"line":22,"column":25}},"13":{"start":{"line":24,"column":2},"end":{"line":26,"column":4}},"14":{"start":{"line":25,"column":24},"end":{"line":25,"column":72}}},"fnMap":{"0":{"name":"(anonymous_0)","decl":{"start":{"line":8,"column":17},"end":{"line":8,"column":18}},"loc":{"start":{"line":8,"column":26},"end":{"line":27,"column":1}},"line":8},"1":{"name":"(anonymous_1)","decl":{"start":{"line":14,"column":40},"end":{"line":14,"column":41}},"loc":{"start":{"line":14,"column":59},"end":{"line":20,"column":3}},"line":14},"2":{"name":"(anonymous_2)","decl":{"start":{"line":16,"column":12},"end":{"line":16,"column":13}},"loc":{"start":{"line":16,"column":22},"end":{"line":19,"column":7}},"line":16},"3":{"name":"(anonymous_3)","decl":{"start":{"line":19,"column":15},"end":{"line":19,"column":16}},"loc":{"start":{"line":19,"column":24},"end":{"line":19,"column":40}},"line":19},"4":{"name":"(anonymous_4)","decl":{"start":{"line":25,"column":18},"end":{"line":25,"column":19}},"loc":{"start":{"line":25,"column":24},"end":{"line":25,"column":72}},"line":25}},"branchMap":{"0":{"loc":{"start":{"line":17,"column":8},"end":{"line":18,"column":31}},"type":"if","locations":[{"start":{"line":17,"column":8},"end":{"line":18,"column":31}},{"start":{"line":17,"column":8},"end":{"line":18,"column":31}}],"line":17}},"s":{"0":7,"1":7,"2":7,"3":7,"4":7,"5":7,"6":7,"7":71,"8":71,"9":71,"10":0,"11":0,"12":7,"13":7,"14":7},"f":{"0":7,"1":71,"2":71,"3":0,"4":7},"b":{"0":[71,0]},"_coverageSchema":"332fd63041d2c1bcb487cc26dd0d5f7d97098a6c","hash":"748d8da28b41020a3645b82262ad7fec38b98992"}
,"C:\\Users\\bruno.smedeiros\\dev\\udemy\\CURSO-API_BASEADA_EM_TESTE_COM_JEST\\projetos\\seubarriga\\src\\config\\router.js": {"path":"C:\\Users\\bruno.smedeiros\\dev\\udemy\\CURSO-API_BASEADA_EM_TESTE_COM_JEST\\projetos\\seubarriga\\src\\config\\router.js","statementMap":{"0":{"start":{"line":1,"column":16},"end":{"line":1,"column":34}},"1":{"start":{"line":3,"column":0},"end":{"line":14,"column":2}},"2":{"start":{"line":4,"column":2},"end":{"line":4,"column":36}},"3":{"start":{"line":5,"column":26},"end":{"line":5,"column":42}},"4":{"start":{"line":7,"column":2},"end":{"line":7,"column":50}},"5":{"start":{"line":8,"column":2},"end":{"line":8,"column":56}},"6":{"start":{"line":9,"column":2},"end":{"line":9,"column":64}},"7":{"start":{"line":10,"column":2},"end":{"line":10,"column":58}},"8":{"start":{"line":11,"column":2},"end":{"line":11,"column":54}},"9":{"start":{"line":13,"column":2},"end":{"line":13,"column":70}}},"fnMap":{"0":{"name":"(anonymous_0)","decl":{"start":{"line":3,"column":17},"end":{"line":3,"column":18}},"loc":{"start":{"line":3,"column":26},"end":{"line":14,"column":1}},"line":3}},"branchMap":{},"s":{"0":7,"1":7,"2":7,"3":7,"4":7,"5":7,"6":7,"7":7,"8":7,"9":7},"f":{"0":7},"b":{},"_coverageSchema":"332fd63041d2c1bcb487cc26dd0d5f7d97098a6c","hash":"f64f5123f0489301c11946420934e8b11a8c7544"}
,"C:\\Users\\bruno.smedeiros\\dev\\udemy\\CURSO-API_BASEADA_EM_TESTE_COM_JEST\\projetos\\seubarriga\\src\\errors\\RecursoIndevidoError.js": {"path":"C:\\Users\\bruno.smedeiros\\dev\\udemy\\CURSO-API_BASEADA_EM_TESTE_COM_JEST\\projetos\\seubarriga\\src\\errors\\RecursoIndevidoError.js","statementMap":{"0":{"start":{"line":1,"column":0},"end":{"line":4,"column":2}},"1":{"start":{"line":2,"column":2},"end":{"line":2,"column":37}},"2":{"start":{"line":3,"column":2},"end":{"line":3,"column":25}}},"fnMap":{"0":{"name":"RecursoIndevidoError","decl":{"start":{"line":1,"column":26},"end":{"line":1,"column":46}},"loc":{"start":{"line":1,"column":97},"end":{"line":4,"column":1}},"line":1}},"branchMap":{"0":{"loc":{"start":{"line":1,"column":47},"end":{"line":1,"column":95}},"type":"default-arg","locations":[{"start":{"line":1,"column":57},"end":{"line":1,"column":95}}],"line":1}},"s":{"0":7,"1":7,"2":7},"f":{"0":7},"b":{"0":[7]},"_coverageSchema":"332fd63041d2c1bcb487cc26dd0d5f7d97098a6c","hash":"48320fc93ce025449bb81e922c92cfe053edff27"}
,"C:\\Users\\bruno.smedeiros\\dev\\udemy\\CURSO-API_BASEADA_EM_TESTE_COM_JEST\\projetos\\seubarriga\\src\\errors\\ValidationError.js": {"path":"C:\\Users\\bruno.smedeiros\\dev\\udemy\\CURSO-API_BASEADA_EM_TESTE_COM_JEST\\projetos\\seubarriga\\src\\errors\\ValidationError.js","statementMap":{"0":{"start":{"line":1,"column":0},"end":{"line":4,"column":2}},"1":{"start":{"line":2,"column":2},"end":{"line":2,"column":32}},"2":{"start":{"line":3,"column":2},"end":{"line":3,"column":25}}},"fnMap":{"0":{"name":"ValidationError","decl":{"start":{"line":1,"column":26},"end":{"line":1,"column":41}},"loc":{"start":{"line":1,"column":51},"end":{"line":4,"column":1}},"line":1}},"branchMap":{},"s":{"0":7,"1":27,"2":27},"f":{"0":27},"b":{},"_coverageSchema":"332fd63041d2c1bcb487cc26dd0d5f7d97098a6c","hash":"cdb0dc383c03ebbb55b6399a1dee22dc7285ef25"}
,"C:\\Users\\bruno.smedeiros\\dev\\udemy\\CURSO-API_BASEADA_EM_TESTE_COM_JEST\\projetos\\seubarriga\\src\\routes\\accounts.js": {"path":"C:\\Users\\bruno.smedeiros\\dev\\udemy\\CURSO-API_BASEADA_EM_TESTE_COM_JEST\\projetos\\seubarriga\\src\\routes\\accounts.js","statementMap":{"0":{"start":{"line":1,"column":16},"end":{"line":1,"column":34}},"1":{"start":{"line":2,"column":29},"end":{"line":2,"column":70}},"2":{"start":{"line":4,"column":0},"end":{"line":48,"column":2}},"3":{"start":{"line":5,"column":17},"end":{"line":5,"column":33}},"4":{"start":{"line":7,"column":2},"end":{"line":13,"column":5}},"5":{"start":{"line":8,"column":4},"end":{"line":12,"column":33}},"6":{"start":{"line":10,"column":8},"end":{"line":11,"column":20}},"7":{"start":{"line":10,"column":41},"end":{"line":10,"column":74}},"8":{"start":{"line":11,"column":13},"end":{"line":11,"column":20}},"9":{"start":{"line":12,"column":22},"end":{"line":12,"column":31}},"10":{"start":{"line":15,"column":2},"end":{"line":22,"column":5}},"11":{"start":{"line":18,"column":4},"end":{"line":21,"column":35}},"12":{"start":{"line":20,"column":8},"end":{"line":20,"column":47}},"13":{"start":{"line":21,"column":24},"end":{"line":21,"column":33}},"14":{"start":{"line":24,"column":2},"end":{"line":27,"column":5}},"15":{"start":{"line":25,"column":4},"end":{"line":26,"column":54}},"16":{"start":{"line":26,"column":24},"end":{"line":26,"column":52}},"17":{"start":{"line":29,"column":2},"end":{"line":35,"column":5}},"18":{"start":{"line":30,"column":4},"end":{"line":34,"column":33}},"19":{"start":{"line":32,"column":8},"end":{"line":32,"column":44}},"20":{"start":{"line":34,"column":22},"end":{"line":34,"column":31}},"21":{"start":{"line":37,"column":2},"end":{"line":40,"column":5}},"22":{"start":{"line":38,"column":4},"end":{"line":39,"column":57}},"23":{"start":{"line":39,"column":24},"end":{"line":39,"column":55}},"24":{"start":{"line":42,"column":2},"end":{"line":45,"column":5}},"25":{"start":{"line":43,"column":4},"end":{"line":44,"column":42}},"26":{"start":{"line":44,"column":18},"end":{"line":44,"column":40}},"27":{"start":{"line":47,"column":2},"end":{"line":47,"column":16}}},"fnMap":{"0":{"name":"(anonymous_0)","decl":{"start":{"line":4,"column":17},"end":{"line":4,"column":18}},"loc":{"start":{"line":4,"column":26},"end":{"line":48,"column":1}},"line":4},"1":{"name":"(anonymous_1)","decl":{"start":{"line":7,"column":21},"end":{"line":7,"column":22}},"loc":{"start":{"line":7,"column":41},"end":{"line":13,"column":3}},"line":7},"2":{"name":"(anonymous_2)","decl":{"start":{"line":9,"column":12},"end":{"line":9,"column":13}},"loc":{"start":{"line":9,"column":21},"end":{"line":12,"column":7}},"line":9},"3":{"name":"(anonymous_3)","decl":{"start":{"line":12,"column":15},"end":{"line":12,"column":16}},"loc":{"start":{"line":12,"column":22},"end":{"line":12,"column":31}},"line":12},"4":{"name":"(anonymous_4)","decl":{"start":{"line":15,"column":19},"end":{"line":15,"column":20}},"loc":{"start":{"line":15,"column":39},"end":{"line":22,"column":3}},"line":15},"5":{"name":"(anonymous_5)","decl":{"start":{"line":19,"column":12},"end":{"line":19,"column":13}},"loc":{"start":{"line":19,"column":24},"end":{"line":21,"column":7}},"line":19},"6":{"name":"(anonymous_6)","decl":{"start":{"line":21,"column":15},"end":{"line":21,"column":16}},"loc":{"start":{"line":21,"column":24},"end":{"line":21,"column":33}},"line":21},"7":{"name":"(anonymous_7)","decl":{"start":{"line":24,"column":18},"end":{"line":24,"column":19}},"loc":{"start":{"line":24,"column":32},"end":{"line":27,"column":3}},"line":24},"8":{"name":"(anonymous_8)","decl":{"start":{"line":26,"column":12},"end":{"line":26,"column":13}},"loc":{"start":{"line":26,"column":24},"end":{"line":26,"column":52}},"line":26},"9":{"name":"(anonymous_9)","decl":{"start":{"line":29,"column":21},"end":{"line":29,"column":22}},"loc":{"start":{"line":29,"column":41},"end":{"line":35,"column":3}},"line":29},"10":{"name":"(anonymous_10)","decl":{"start":{"line":31,"column":12},"end":{"line":31,"column":13}},"loc":{"start":{"line":31,"column":24},"end":{"line":33,"column":7}},"line":31},"11":{"name":"(anonymous_11)","decl":{"start":{"line":34,"column":13},"end":{"line":34,"column":14}},"loc":{"start":{"line":34,"column":22},"end":{"line":34,"column":31}},"line":34},"12":{"name":"(anonymous_12)","decl":{"start":{"line":37,"column":21},"end":{"line":37,"column":22}},"loc":{"start":{"line":37,"column":35},"end":{"line":40,"column":3}},"line":37},"13":{"name":"(anonymous_13)","decl":{"start":{"line":39,"column":12},"end":{"line":39,"column":13}},"loc":{"start":{"line":39,"column":24},"end":{"line":39,"column":55}},"line":39},"14":{"name":"(anonymous_14)","decl":{"start":{"line":42,"column":24},"end":{"line":42,"column":25}},"loc":{"start":{"line":42,"column":38},"end":{"line":45,"column":3}},"line":42},"15":{"name":"(anonymous_15)","decl":{"start":{"line":44,"column":12},"end":{"line":44,"column":13}},"loc":{"start":{"line":44,"column":18},"end":{"line":44,"column":40}},"line":44}},"branchMap":{"0":{"loc":{"start":{"line":10,"column":8},"end":{"line":11,"column":20}},"type":"if","locations":[{"start":{"line":10,"column":8},"end":{"line":11,"column":20}},{"start":{"line":10,"column":8},"end":{"line":11,"column":20}}],"line":10}},"s":{"0":7,"1":7,"2":7,"3":7,"4":7,"5":6,"6":6,"7":3,"8":3,"9":3,"10":7,"11":3,"12":1,"13":2,"14":7,"15":1,"16":1,"17":7,"18":1,"19":1,"20":0,"21":7,"22":1,"23":1,"24":7,"25":1,"26":1,"27":7},"f":{"0":7,"1":6,"2":6,"3":3,"4":3,"5":1,"6":2,"7":1,"8":1,"9":1,"10":1,"11":0,"12":1,"13":1,"14":1,"15":1},"b":{"0":[3,3]},"_coverageSchema":"332fd63041d2c1bcb487cc26dd0d5f7d97098a6c","hash":"ec5331bfb5d32fb8f7f50fb4a01ca54ff64c76a1"}
,"C:\\Users\\bruno.smedeiros\\dev\\udemy\\CURSO-API_BASEADA_EM_TESTE_COM_JEST\\projetos\\seubarriga\\src\\routes\\auth.js": {"path":"C:\\Users\\bruno.smedeiros\\dev\\udemy\\CURSO-API_BASEADA_EM_TESTE_COM_JEST\\projetos\\seubarriga\\src\\routes\\auth.js","statementMap":{"0":{"start":{"line":1,"column":16},"end":{"line":1,"column":34}},"1":{"start":{"line":2,"column":24},"end":{"line":2,"column":60}},"2":{"start":{"line":3,"column":12},"end":{"line":3,"column":33}},"3":{"start":{"line":4,"column":15},"end":{"line":4,"column":39}},"4":{"start":{"line":6,"column":15},"end":{"line":6,"column":25}},"5":{"start":{"line":8,"column":0},"end":{"line":38,"column":2}},"6":{"start":{"line":9,"column":17},"end":{"line":9,"column":33}},"7":{"start":{"line":11,"column":2},"end":{"line":26,"column":5}},"8":{"start":{"line":12,"column":4},"end":{"line":25,"column":35}},"9":{"start":{"line":14,"column":8},"end":{"line":14,"column":74}},"10":{"start":{"line":14,"column":19},"end":{"line":14,"column":74}},"11":{"start":{"line":15,"column":8},"end":{"line":24,"column":70}},"12":{"start":{"line":16,"column":26},"end":{"line":20,"column":11}},"13":{"start":{"line":21,"column":24},"end":{"line":21,"column":51}},"14":{"start":{"line":23,"column":10},"end":{"line":23,"column":42}},"15":{"start":{"line":24,"column":15},"end":{"line":24,"column":70}},"16":{"start":{"line":25,"column":24},"end":{"line":25,"column":33}},"17":{"start":{"line":28,"column":2},"end":{"line":35,"column":5}},"18":{"start":{"line":29,"column":4},"end":{"line":34,"column":5}},"19":{"start":{"line":30,"column":21},"end":{"line":30,"column":59}},"20":{"start":{"line":31,"column":6},"end":{"line":31,"column":45}},"21":{"start":{"line":33,"column":6},"end":{"line":33,"column":23}},"22":{"start":{"line":37,"column":2},"end":{"line":37,"column":16}}},"fnMap":{"0":{"name":"(anonymous_0)","decl":{"start":{"line":8,"column":17},"end":{"line":8,"column":18}},"loc":{"start":{"line":8,"column":26},"end":{"line":38,"column":1}},"line":8},"1":{"name":"(anonymous_1)","decl":{"start":{"line":11,"column":25},"end":{"line":11,"column":26}},"loc":{"start":{"line":11,"column":45},"end":{"line":26,"column":3}},"line":11},"2":{"name":"(anonymous_2)","decl":{"start":{"line":13,"column":12},"end":{"line":13,"column":13}},"loc":{"start":{"line":13,"column":22},"end":{"line":25,"column":7}},"line":13},"3":{"name":"(anonymous_3)","decl":{"start":{"line":25,"column":15},"end":{"line":25,"column":16}},"loc":{"start":{"line":25,"column":24},"end":{"line":25,"column":33}},"line":25},"4":{"name":"(anonymous_4)","decl":{"start":{"line":28,"column":25},"end":{"line":28,"column":26}},"loc":{"start":{"line":28,"column":51},"end":{"line":35,"column":3}},"line":28}},"branchMap":{"0":{"loc":{"start":{"line":14,"column":8},"end":{"line":14,"column":74}},"type":"if","locations":[{"start":{"line":14,"column":8},"end":{"line":14,"column":74}},{"start":{"line":14,"column":8},"end":{"line":14,"column":74}}],"line":14},"1":{"loc":{"start":{"line":15,"column":8},"end":{"line":24,"column":70}},"type":"if","locations":[{"start":{"line":15,"column":8},"end":{"line":24,"column":70}},{"start":{"line":15,"column":8},"end":{"line":24,"column":70}}],"line":15}},"s":{"0":7,"1":7,"2":7,"3":7,"4":7,"5":7,"6":7,"7":7,"8":3,"9":3,"10":1,"11":2,"12":1,"13":1,"14":1,"15":1,"16":2,"17":7,"18":1,"19":1,"20":1,"21":0,"22":7},"f":{"0":7,"1":3,"2":3,"3":2,"4":1},"b":{"0":[1,2],"1":[1,1]},"_coverageSchema":"332fd63041d2c1bcb487cc26dd0d5f7d97098a6c","hash":"ca435611eb32e4c6136ea2a1cba236fe19d23b69"}
,"C:\\Users\\bruno.smedeiros\\dev\\udemy\\CURSO-API_BASEADA_EM_TESTE_COM_JEST\\projetos\\seubarriga\\src\\routes\\balance.js": {"path":"C:\\Users\\bruno.smedeiros\\dev\\udemy\\CURSO-API_BASEADA_EM_TESTE_COM_JEST\\projetos\\seubarriga\\src\\routes\\balance.js","statementMap":{"0":{"start":{"line":1,"column":16},"end":{"line":1,"column":34}},"1":{"start":{"line":3,"column":0},"end":{"line":14,"column":2}},"2":{"start":{"line":4,"column":17},"end":{"line":4,"column":33}},"3":{"start":{"line":5,"column":2},"end":{"line":5,"column":31}},"4":{"start":{"line":7,"column":2},"end":{"line":11,"column":5}},"5":{"start":{"line":8,"column":4},"end":{"line":10,"column":31}},"6":{"start":{"line":9,"column":22},"end":{"line":9,"column":50}},"7":{"start":{"line":10,"column":20},"end":{"line":10,"column":29}},"8":{"start":{"line":13,"column":2},"end":{"line":13,"column":16}}},"fnMap":{"0":{"name":"(anonymous_0)","decl":{"start":{"line":3,"column":17},"end":{"line":3,"column":18}},"loc":{"start":{"line":3,"column":26},"end":{"line":14,"column":1}},"line":3},"1":{"name":"(anonymous_1)","decl":{"start":{"line":7,"column":18},"end":{"line":7,"column":19}},"loc":{"start":{"line":7,"column":38},"end":{"line":11,"column":3}},"line":7},"2":{"name":"(anonymous_2)","decl":{"start":{"line":9,"column":12},"end":{"line":9,"column":13}},"loc":{"start":{"line":9,"column":22},"end":{"line":9,"column":50}},"line":9},"3":{"name":"(anonymous_3)","decl":{"start":{"line":10,"column":13},"end":{"line":10,"column":14}},"loc":{"start":{"line":10,"column":20},"end":{"line":10,"column":29}},"line":10}},"branchMap":{},"s":{"0":7,"1":7,"2":7,"3":7,"4":7,"5":10,"6":10,"7":0,"8":7},"f":{"0":7,"1":10,"2":10,"3":0},"b":{},"_coverageSchema":"332fd63041d2c1bcb487cc26dd0d5f7d97098a6c","hash":"38bea60d0faab432ee36a6fdb6e1470d1b5c2a65"}
,"C:\\Users\\bruno.smedeiros\\dev\\udemy\\CURSO-API_BASEADA_EM_TESTE_COM_JEST\\projetos\\seubarriga\\src\\routes\\transactions.js": {"path":"C:\\Users\\bruno.smedeiros\\dev\\udemy\\CURSO-API_BASEADA_EM_TESTE_COM_JEST\\projetos\\seubarriga\\src\\routes\\transactions.js","statementMap":{"0":{"start":{"line":1,"column":16},"end":{"line":1,"column":34}},"1":{"start":{"line":2,"column":29},"end":{"line":2,"column":70}},"2":{"start":{"line":4,"column":0},"end":{"line":45,"column":2}},"3":{"start":{"line":5,"column":17},"end":{"line":5,"column":33}},"4":{"start":{"line":6,"column":2},"end":{"line":12,"column":5}},"5":{"start":{"line":7,"column":4},"end":{"line":11,"column":33}},"6":{"start":{"line":9,"column":8},"end":{"line":10,"column":46}},"7":{"start":{"line":9,"column":31},"end":{"line":9,"column":38}},"8":{"start":{"line":10,"column":13},"end":{"line":10,"column":46}},"9":{"start":{"line":11,"column":22},"end":{"line":11,"column":31}},"10":{"start":{"line":14,"column":2},"end":{"line":18,"column":5}},"11":{"start":{"line":15,"column":4},"end":{"line":17,"column":31}},"12":{"start":{"line":16,"column":22},"end":{"line":16,"column":50}},"13":{"start":{"line":17,"column":20},"end":{"line":17,"column":29}},"14":{"start":{"line":20,"column":2},"end":{"line":24,"column":5}},"15":{"start":{"line":21,"column":4},"end":{"line":23,"column":31}},"16":{"start":{"line":22,"column":22},"end":{"line":22,"column":53}},"17":{"start":{"line":23,"column":20},"end":{"line":23,"column":29}},"18":{"start":{"line":26,"column":2},"end":{"line":30,"column":5}},"19":{"start":{"line":27,"column":4},"end":{"line":29,"column":31}},"20":{"start":{"line":28,"column":22},"end":{"line":28,"column":50}},"21":{"start":{"line":29,"column":20},"end":{"line":29,"column":29}},"22":{"start":{"line":32,"column":2},"end":{"line":36,"column":5}},"23":{"start":{"line":33,"column":4},"end":{"line":35,"column":31}},"24":{"start":{"line":34,"column":22},"end":{"line":34,"column":53}},"25":{"start":{"line":35,"column":20},"end":{"line":35,"column":29}},"26":{"start":{"line":38,"column":2},"end":{"line":42,"column":5}},"27":{"start":{"line":39,"column":4},"end":{"line":41,"column":31}},"28":{"start":{"line":40,"column":18},"end":{"line":40,"column":40}},"29":{"start":{"line":41,"column":20},"end":{"line":41,"column":29}},"30":{"start":{"line":44,"column":2},"end":{"line":44,"column":16}}},"fnMap":{"0":{"name":"(anonymous_0)","decl":{"start":{"line":4,"column":17},"end":{"line":4,"column":18}},"loc":{"start":{"line":4,"column":26},"end":{"line":45,"column":1}},"line":4},"1":{"name":"(anonymous_1)","decl":{"start":{"line":6,"column":21},"end":{"line":6,"column":22}},"loc":{"start":{"line":6,"column":41},"end":{"line":12,"column":3}},"line":6},"2":{"name":"(anonymous_2)","decl":{"start":{"line":8,"column":12},"end":{"line":8,"column":13}},"loc":{"start":{"line":8,"column":24},"end":{"line":11,"column":7}},"line":8},"3":{"name":"(anonymous_3)","decl":{"start":{"line":11,"column":15},"end":{"line":11,"column":16}},"loc":{"start":{"line":11,"column":22},"end":{"line":11,"column":31}},"line":11},"4":{"name":"(anonymous_4)","decl":{"start":{"line":14,"column":18},"end":{"line":14,"column":19}},"loc":{"start":{"line":14,"column":38},"end":{"line":18,"column":3}},"line":14},"5":{"name":"(anonymous_5)","decl":{"start":{"line":16,"column":12},"end":{"line":16,"column":13}},"loc":{"start":{"line":16,"column":22},"end":{"line":16,"column":50}},"line":16},"6":{"name":"(anonymous_6)","decl":{"start":{"line":17,"column":13},"end":{"line":17,"column":14}},"loc":{"start":{"line":17,"column":20},"end":{"line":17,"column":29}},"line":17},"7":{"name":"(anonymous_7)","decl":{"start":{"line":20,"column":19},"end":{"line":20,"column":20}},"loc":{"start":{"line":20,"column":39},"end":{"line":24,"column":3}},"line":20},"8":{"name":"(anonymous_8)","decl":{"start":{"line":22,"column":12},"end":{"line":22,"column":13}},"loc":{"start":{"line":22,"column":22},"end":{"line":22,"column":53}},"line":22},"9":{"name":"(anonymous_9)","decl":{"start":{"line":23,"column":13},"end":{"line":23,"column":14}},"loc":{"start":{"line":23,"column":20},"end":{"line":23,"column":29}},"line":23},"10":{"name":"(anonymous_10)","decl":{"start":{"line":26,"column":21},"end":{"line":26,"column":22}},"loc":{"start":{"line":26,"column":41},"end":{"line":30,"column":3}},"line":26},"11":{"name":"(anonymous_11)","decl":{"start":{"line":28,"column":12},"end":{"line":28,"column":13}},"loc":{"start":{"line":28,"column":22},"end":{"line":28,"column":50}},"line":28},"12":{"name":"(anonymous_12)","decl":{"start":{"line":29,"column":13},"end":{"line":29,"column":14}},"loc":{"start":{"line":29,"column":20},"end":{"line":29,"column":29}},"line":29},"13":{"name":"(anonymous_13)","decl":{"start":{"line":32,"column":21},"end":{"line":32,"column":22}},"loc":{"start":{"line":32,"column":41},"end":{"line":36,"column":3}},"line":32},"14":{"name":"(anonymous_14)","decl":{"start":{"line":34,"column":12},"end":{"line":34,"column":13}},"loc":{"start":{"line":34,"column":22},"end":{"line":34,"column":53}},"line":34},"15":{"name":"(anonymous_15)","decl":{"start":{"line":35,"column":13},"end":{"line":35,"column":14}},"loc":{"start":{"line":35,"column":20},"end":{"line":35,"column":29}},"line":35},"16":{"name":"(anonymous_16)","decl":{"start":{"line":38,"column":24},"end":{"line":38,"column":25}},"loc":{"start":{"line":38,"column":38},"end":{"line":42,"column":3}},"line":38},"17":{"name":"(anonymous_17)","decl":{"start":{"line":40,"column":12},"end":{"line":40,"column":13}},"loc":{"start":{"line":40,"column":18},"end":{"line":40,"column":40}},"line":40},"18":{"name":"(anonymous_18)","decl":{"start":{"line":41,"column":13},"end":{"line":41,"column":14}},"loc":{"start":{"line":41,"column":20},"end":{"line":41,"column":29}},"line":41}},"branchMap":{"0":{"loc":{"start":{"line":9,"column":8},"end":{"line":10,"column":46}},"type":"if","locations":[{"start":{"line":9,"column":8},"end":{"line":10,"column":46}},{"start":{"line":9,"column":8},"end":{"line":10,"column":46}}],"line":9}},"s":{"0":7,"1":7,"2":7,"3":7,"4":7,"5":6,"6":6,"7":3,"8":3,"9":3,"10":7,"11":1,"12":1,"13":0,"14":7,"15":15,"16":10,"17":0,"18":7,"19":1,"20":1,"21":0,"22":7,"23":1,"24":1,"25":0,"26":7,"27":1,"28":1,"29":0,"30":7},"f":{"0":7,"1":6,"2":6,"3":3,"4":1,"5":1,"6":0,"7":15,"8":10,"9":0,"10":1,"11":1,"12":0,"13":1,"14":1,"15":0,"16":1,"17":1,"18":0},"b":{"0":[3,3]},"_coverageSchema":"332fd63041d2c1bcb487cc26dd0d5f7d97098a6c","hash":"288bef6e38b07beb527a21dfc34fed240e2940e7"}
,"C:\\Users\\bruno.smedeiros\\dev\\udemy\\CURSO-API_BASEADA_EM_TESTE_COM_JEST\\projetos\\seubarriga\\src\\routes\\transfers.js": {"path":"C:\\Users\\bruno.smedeiros\\dev\\udemy\\CURSO-API_BASEADA_EM_TESTE_COM_JEST\\projetos\\seubarriga\\src\\routes\\transfers.js","statementMap":{"0":{"start":{"line":1,"column":16},"end":{"line":1,"column":34}},"1":{"start":{"line":2,"column":29},"end":{"line":2,"column":70}},"2":{"start":{"line":4,"column":0},"end":{"line":56,"column":2}},"3":{"start":{"line":5,"column":17},"end":{"line":5,"column":33}},"4":{"start":{"line":7,"column":2},"end":{"line":16,"column":5}},"5":{"start":{"line":8,"column":4},"end":{"line":15,"column":33}},"6":{"start":{"line":10,"column":8},"end":{"line":14,"column":9}},"7":{"start":{"line":11,"column":10},"end":{"line":11,"column":43}},"8":{"start":{"line":13,"column":10},"end":{"line":13,"column":17}},"9":{"start":{"line":15,"column":22},"end":{"line":15,"column":31}},"10":{"start":{"line":18,"column":19},"end":{"line":22,"column":3}},"11":{"start":{"line":19,"column":4},"end":{"line":21,"column":31}},"12":{"start":{"line":20,"column":18},"end":{"line":20,"column":24}},"13":{"start":{"line":21,"column":20},"end":{"line":21,"column":29}},"14":{"start":{"line":24,"column":2},"end":{"line":28,"column":5}},"15":{"start":{"line":25,"column":4},"end":{"line":27,"column":33}},"16":{"start":{"line":26,"column":24},"end":{"line":26,"column":52}},"17":{"start":{"line":27,"column":22},"end":{"line":27,"column":31}},"18":{"start":{"line":30,"column":2},"end":{"line":35,"column":5}},"19":{"start":{"line":31,"column":21},"end":{"line":31,"column":58}},"20":{"start":{"line":32,"column":4},"end":{"line":34,"column":33}},"21":{"start":{"line":33,"column":24},"end":{"line":33,"column":55}},"22":{"start":{"line":34,"column":22},"end":{"line":34,"column":31}},"23":{"start":{"line":37,"column":2},"end":{"line":41,"column":5}},"24":{"start":{"line":38,"column":4},"end":{"line":40,"column":31}},"25":{"start":{"line":39,"column":22},"end":{"line":39,"column":50}},"26":{"start":{"line":40,"column":20},"end":{"line":40,"column":29}},"27":{"start":{"line":43,"column":2},"end":{"line":47,"column":5}},"28":{"start":{"line":44,"column":4},"end":{"line":46,"column":31}},"29":{"start":{"line":45,"column":22},"end":{"line":45,"column":53}},"30":{"start":{"line":46,"column":20},"end":{"line":46,"column":29}},"31":{"start":{"line":49,"column":2},"end":{"line":53,"column":5}},"32":{"start":{"line":50,"column":4},"end":{"line":52,"column":31}},"33":{"start":{"line":51,"column":18},"end":{"line":51,"column":40}},"34":{"start":{"line":52,"column":20},"end":{"line":52,"column":29}},"35":{"start":{"line":55,"column":2},"end":{"line":55,"column":16}}},"fnMap":{"0":{"name":"(anonymous_0)","decl":{"start":{"line":4,"column":17},"end":{"line":4,"column":18}},"loc":{"start":{"line":4,"column":26},"end":{"line":56,"column":1}},"line":4},"1":{"name":"(anonymous_1)","decl":{"start":{"line":7,"column":21},"end":{"line":7,"column":22}},"loc":{"start":{"line":7,"column":41},"end":{"line":16,"column":3}},"line":7},"2":{"name":"(anonymous_2)","decl":{"start":{"line":9,"column":12},"end":{"line":9,"column":13}},"loc":{"start":{"line":9,"column":24},"end":{"line":15,"column":7}},"line":9},"3":{"name":"(anonymous_3)","decl":{"start":{"line":15,"column":15},"end":{"line":15,"column":16}},"loc":{"start":{"line":15,"column":22},"end":{"line":15,"column":31}},"line":15},"4":{"name":"(anonymous_4)","decl":{"start":{"line":18,"column":19},"end":{"line":18,"column":20}},"loc":{"start":{"line":18,"column":39},"end":{"line":22,"column":3}},"line":18},"5":{"name":"(anonymous_5)","decl":{"start":{"line":20,"column":12},"end":{"line":20,"column":13}},"loc":{"start":{"line":20,"column":18},"end":{"line":20,"column":24}},"line":20},"6":{"name":"(anonymous_6)","decl":{"start":{"line":21,"column":13},"end":{"line":21,"column":14}},"loc":{"start":{"line":21,"column":20},"end":{"line":21,"column":29}},"line":21},"7":{"name":"(anonymous_7)","decl":{"start":{"line":24,"column":18},"end":{"line":24,"column":19}},"loc":{"start":{"line":24,"column":38},"end":{"line":28,"column":3}},"line":24},"8":{"name":"(anonymous_8)","decl":{"start":{"line":26,"column":12},"end":{"line":26,"column":13}},"loc":{"start":{"line":26,"column":24},"end":{"line":26,"column":52}},"line":26},"9":{"name":"(anonymous_9)","decl":{"start":{"line":27,"column":13},"end":{"line":27,"column":14}},"loc":{"start":{"line":27,"column":22},"end":{"line":27,"column":31}},"line":27},"10":{"name":"(anonymous_10)","decl":{"start":{"line":30,"column":29},"end":{"line":30,"column":30}},"loc":{"start":{"line":30,"column":49},"end":{"line":35,"column":3}},"line":30},"11":{"name":"(anonymous_11)","decl":{"start":{"line":33,"column":12},"end":{"line":33,"column":13}},"loc":{"start":{"line":33,"column":24},"end":{"line":33,"column":55}},"line":33},"12":{"name":"(anonymous_12)","decl":{"start":{"line":34,"column":13},"end":{"line":34,"column":14}},"loc":{"start":{"line":34,"column":22},"end":{"line":34,"column":31}},"line":34},"13":{"name":"(anonymous_13)","decl":{"start":{"line":37,"column":21},"end":{"line":37,"column":22}},"loc":{"start":{"line":37,"column":41},"end":{"line":41,"column":3}},"line":37},"14":{"name":"(anonymous_14)","decl":{"start":{"line":39,"column":12},"end":{"line":39,"column":13}},"loc":{"start":{"line":39,"column":22},"end":{"line":39,"column":50}},"line":39},"15":{"name":"(anonymous_15)","decl":{"start":{"line":40,"column":13},"end":{"line":40,"column":14}},"loc":{"start":{"line":40,"column":20},"end":{"line":40,"column":29}},"line":40},"16":{"name":"(anonymous_16)","decl":{"start":{"line":43,"column":31},"end":{"line":43,"column":32}},"loc":{"start":{"line":43,"column":51},"end":{"line":47,"column":3}},"line":43},"17":{"name":"(anonymous_17)","decl":{"start":{"line":45,"column":12},"end":{"line":45,"column":13}},"loc":{"start":{"line":45,"column":22},"end":{"line":45,"column":53}},"line":45},"18":{"name":"(anonymous_18)","decl":{"start":{"line":46,"column":13},"end":{"line":46,"column":14}},"loc":{"start":{"line":46,"column":20},"end":{"line":46,"column":29}},"line":46},"19":{"name":"(anonymous_19)","decl":{"start":{"line":49,"column":24},"end":{"line":49,"column":25}},"loc":{"start":{"line":49,"column":44},"end":{"line":53,"column":3}},"line":49},"20":{"name":"(anonymous_20)","decl":{"start":{"line":51,"column":12},"end":{"line":51,"column":13}},"loc":{"start":{"line":51,"column":18},"end":{"line":51,"column":40}},"line":51},"21":{"name":"(anonymous_21)","decl":{"start":{"line":52,"column":13},"end":{"line":52,"column":14}},"loc":{"start":{"line":52,"column":20},"end":{"line":52,"column":29}},"line":52}},"branchMap":{"0":{"loc":{"start":{"line":10,"column":8},"end":{"line":14,"column":9}},"type":"if","locations":[{"start":{"line":10,"column":8},"end":{"line":14,"column":9}},{"start":{"line":10,"column":8},"end":{"line":14,"column":9}}],"line":10}},"s":{"0":7,"1":7,"2":7,"3":7,"4":7,"5":11,"6":11,"7":1,"8":10,"9":1,"10":7,"11":18,"12":4,"13":14,"14":7,"15":1,"16":1,"17":0,"18":7,"19":3,"20":3,"21":3,"22":0,"23":7,"24":1,"25":1,"26":0,"27":7,"28":1,"29":1,"30":0,"31":7,"32":1,"33":1,"34":0,"35":7},"f":{"0":7,"1":11,"2":11,"3":1,"4":18,"5":4,"6":14,"7":1,"8":1,"9":0,"10":3,"11":3,"12":0,"13":1,"14":1,"15":0,"16":1,"17":1,"18":0,"19":1,"20":1,"21":0},"b":{"0":[1,10]},"_coverageSchema":"332fd63041d2c1bcb487cc26dd0d5f7d97098a6c","hash":"6edfbbd8bc4a500ceb6645a6544adf48a583987d"}
,"C:\\Users\\bruno.smedeiros\\dev\\udemy\\CURSO-API_BASEADA_EM_TESTE_COM_JEST\\projetos\\seubarriga\\src\\routes\\users.js": {"path":"C:\\Users\\bruno.smedeiros\\dev\\udemy\\CURSO-API_BASEADA_EM_TESTE_COM_JEST\\projetos\\seubarriga\\src\\routes\\users.js","statementMap":{"0":{"start":{"line":1,"column":16},"end":{"line":1,"column":34}},"1":{"start":{"line":3,"column":0},"end":{"line":19,"column":2}},"2":{"start":{"line":4,"column":17},"end":{"line":4,"column":33}},"3":{"start":{"line":6,"column":2},"end":{"line":9,"column":5}},"4":{"start":{"line":7,"column":4},"end":{"line":8,"column":54}},"5":{"start":{"line":8,"column":24},"end":{"line":8,"column":52}},"6":{"start":{"line":10,"column":2},"end":{"line":17,"column":5}},"7":{"start":{"line":11,"column":4},"end":{"line":16,"column":5}},"8":{"start":{"line":12,"column":21},"end":{"line":12,"column":59}},"9":{"start":{"line":13,"column":6},"end":{"line":13,"column":45}},"10":{"start":{"line":15,"column":6},"end":{"line":15,"column":23}},"11":{"start":{"line":18,"column":2},"end":{"line":18,"column":16}}},"fnMap":{"0":{"name":"(anonymous_0)","decl":{"start":{"line":3,"column":17},"end":{"line":3,"column":18}},"loc":{"start":{"line":3,"column":26},"end":{"line":19,"column":1}},"line":3},"1":{"name":"(anonymous_1)","decl":{"start":{"line":6,"column":18},"end":{"line":6,"column":19}},"loc":{"start":{"line":6,"column":32},"end":{"line":9,"column":3}},"line":6},"2":{"name":"(anonymous_2)","decl":{"start":{"line":8,"column":12},"end":{"line":8,"column":13}},"loc":{"start":{"line":8,"column":24},"end":{"line":8,"column":52}},"line":8},"3":{"name":"(anonymous_3)","decl":{"start":{"line":10,"column":19},"end":{"line":10,"column":20}},"loc":{"start":{"line":10,"column":45},"end":{"line":17,"column":3}},"line":10}},"branchMap":{},"s":{"0":7,"1":7,"2":7,"3":7,"4":1,"5":1,"6":7,"7":6,"8":6,"9":2,"10":4,"11":7},"f":{"0":7,"1":1,"2":1,"3":6},"b":{},"_coverageSchema":"332fd63041d2c1bcb487cc26dd0d5f7d97098a6c","hash":"63a2d2c8083d841d224011084d1869538929ac77"}
,"C:\\Users\\bruno.smedeiros\\dev\\udemy\\CURSO-API_BASEADA_EM_TESTE_COM_JEST\\projetos\\seubarriga\\src\\seeds\\01_transfer.js": {"path":"C:\\Users\\bruno.smedeiros\\dev\\udemy\\CURSO-API_BASEADA_EM_TESTE_COM_JEST\\projetos\\seubarriga\\src\\seeds\\01_transfer.js","statementMap":{"0":{"start":{"line":2,"column":0},"end":{"line":29,"column":2}},"1":{"start":{"line":4,"column":2},"end":{"line":28,"column":8}},"2":{"start":{"line":5,"column":16},"end":{"line":5,"column":39}},"3":{"start":{"line":6,"column":16},"end":{"line":6,"column":38}},"4":{"start":{"line":7,"column":16},"end":{"line":7,"column":35}},"5":{"start":{"line":9,"column":16},"end":{"line":12,"column":6}},"6":{"start":{"line":13,"column":16},"end":{"line":18,"column":6}},"7":{"start":{"line":19,"column":16},"end":{"line":22,"column":6}},"8":{"start":{"line":23,"column":16},"end":{"line":28,"column":6}}},"fnMap":{"0":{"name":"(anonymous_0)","decl":{"start":{"line":2,"column":15},"end":{"line":2,"column":16}},"loc":{"start":{"line":2,"column":25},"end":{"line":29,"column":1}},"line":2},"1":{"name":"(anonymous_1)","decl":{"start":{"line":5,"column":10},"end":{"line":5,"column":11}},"loc":{"start":{"line":5,"column":16},"end":{"line":5,"column":39}},"line":5},"2":{"name":"(anonymous_2)","decl":{"start":{"line":6,"column":10},"end":{"line":6,"column":11}},"loc":{"start":{"line":6,"column":16},"end":{"line":6,"column":38}},"line":6},"3":{"name":"(anonymous_3)","decl":{"start":{"line":7,"column":10},"end":{"line":7,"column":11}},"loc":{"start":{"line":7,"column":16},"end":{"line":7,"column":35}},"line":7},"4":{"name":"(anonymous_4)","decl":{"start":{"line":9,"column":10},"end":{"line":9,"column":11}},"loc":{"start":{"line":9,"column":16},"end":{"line":12,"column":6}},"line":9},"5":{"name":"(anonymous_5)","decl":{"start":{"line":13,"column":10},"end":{"line":13,"column":11}},"loc":{"start":{"line":13,"column":16},"end":{"line":18,"column":6}},"line":13},"6":{"name":"(anonymous_6)","decl":{"start":{"line":19,"column":10},"end":{"line":19,"column":11}},"loc":{"start":{"line":19,"column":16},"end":{"line":22,"column":6}},"line":19},"7":{"name":"(anonymous_7)","decl":{"start":{"line":23,"column":10},"end":{"line":23,"column":11}},"loc":{"start":{"line":23,"column":16},"end":{"line":28,"column":6}},"line":23}},"branchMap":{},"s":{"0":2,"1":2,"2":2,"3":2,"4":2,"5":2,"6":2,"7":2,"8":2},"f":{"0":2,"1":2,"2":2,"3":2,"4":2,"5":2,"6":2,"7":2},"b":{},"_coverageSchema":"332fd63041d2c1bcb487cc26dd0d5f7d97098a6c","hash":"101fa3f9b5d73a2bacebe3fdced2a9eeb7b92d62"}
,"C:\\Users\\bruno.smedeiros\\dev\\udemy\\CURSO-API_BASEADA_EM_TESTE_COM_JEST\\projetos\\seubarriga\\src\\seeds\\02_balance.js": {"path":"C:\\Users\\bruno.smedeiros\\dev\\udemy\\CURSO-API_BASEADA_EM_TESTE_COM_JEST\\projetos\\seubarriga\\src\\seeds\\02_balance.js","statementMap":{"0":{"start":{"line":1,"column":15},"end":{"line":1,"column":32}},"1":{"start":{"line":3,"column":0},"end":{"line":44,"column":2}},"2":{"start":{"line":5,"column":2},"end":{"line":43,"column":8}},"3":{"start":{"line":10,"column":16},"end":{"line":17,"column":6}},"4":{"start":{"line":18,"column":16},"end":{"line":21,"column":6}},"5":{"start":{"line":22,"column":16},"end":{"line":43,"column":6}}},"fnMap":{"0":{"name":"(anonymous_0)","decl":{"start":{"line":3,"column":15},"end":{"line":3,"column":16}},"loc":{"start":{"line":3,"column":25},"end":{"line":44,"column":1}},"line":3},"1":{"name":"(anonymous_1)","decl":{"start":{"line":10,"column":10},"end":{"line":10,"column":11}},"loc":{"start":{"line":10,"column":16},"end":{"line":17,"column":6}},"line":10},"2":{"name":"(anonymous_2)","decl":{"start":{"line":18,"column":10},"end":{"line":18,"column":11}},"loc":{"start":{"line":18,"column":16},"end":{"line":21,"column":6}},"line":18},"3":{"name":"(anonymous_3)","decl":{"start":{"line":22,"column":10},"end":{"line":22,"column":11}},"loc":{"start":{"line":22,"column":16},"end":{"line":43,"column":6}},"line":22}},"branchMap":{},"s":{"0":2,"1":2,"2":2,"3":2,"4":2,"5":2},"f":{"0":2,"1":2,"2":2,"3":2},"b":{},"_coverageSchema":"332fd63041d2c1bcb487cc26dd0d5f7d97098a6c","hash":"0d91491f67d48a31d1c50f0c1ea5bca4efe0104a"}
,"C:\\Users\\bruno.smedeiros\\dev\\udemy\\CURSO-API_BASEADA_EM_TESTE_COM_JEST\\projetos\\seubarriga\\src\\services\\account.js": {"path":"C:\\Users\\bruno.smedeiros\\dev\\udemy\\CURSO-API_BASEADA_EM_TESTE_COM_JEST\\projetos\\seubarriga\\src\\services\\account.js","statementMap":{"0":{"start":{"line":1,"column":24},"end":{"line":1,"column":60}},"1":{"start":{"line":3,"column":0},"end":{"line":32,"column":2}},"2":{"start":{"line":4,"column":18},"end":{"line":6,"column":3}},"3":{"start":{"line":5,"column":4},"end":{"line":5,"column":57}},"4":{"start":{"line":7,"column":15},"end":{"line":9,"column":3}},"5":{"start":{"line":8,"column":4},"end":{"line":8,"column":52}},"6":{"start":{"line":10,"column":15},"end":{"line":15,"column":3}},"7":{"start":{"line":11,"column":4},"end":{"line":11,"column":83}},"8":{"start":{"line":11,"column":23},"end":{"line":11,"column":83}},"9":{"start":{"line":12,"column":18},"end":{"line":12,"column":78}},"10":{"start":{"line":13,"column":4},"end":{"line":13,"column":74}},"11":{"start":{"line":13,"column":15},"end":{"line":13,"column":74}},"12":{"start":{"line":14,"column":4},"end":{"line":14,"column":51}},"13":{"start":{"line":16,"column":17},"end":{"line":20,"column":3}},"14":{"start":{"line":17,"column":4},"end":{"line":19,"column":28}},"15":{"start":{"line":21,"column":17},"end":{"line":30,"column":3}},"16":{"start":{"line":22,"column":24},"end":{"line":22,"column":78}},"17":{"start":{"line":23,"column":6},"end":{"line":23,"column":34}},"18":{"start":{"line":24,"column":6},"end":{"line":27,"column":5}},"19":{"start":{"line":25,"column":6},"end":{"line":25,"column":43}},"20":{"start":{"line":26,"column":6},"end":{"line":26,"column":75}},"21":{"start":{"line":29,"column":4},"end":{"line":29,"column":50}},"22":{"start":{"line":31,"column":2},"end":{"line":31,"column":49}}},"fnMap":{"0":{"name":"(anonymous_0)","decl":{"start":{"line":3,"column":17},"end":{"line":3,"column":18}},"loc":{"start":{"line":3,"column":26},"end":{"line":32,"column":1}},"line":3},"1":{"name":"(anonymous_1)","decl":{"start":{"line":4,"column":18},"end":{"line":4,"column":19}},"loc":{"start":{"line":4,"column":30},"end":{"line":6,"column":3}},"line":4},"2":{"name":"(anonymous_2)","decl":{"start":{"line":7,"column":15},"end":{"line":7,"column":16}},"loc":{"start":{"line":7,"column":32},"end":{"line":9,"column":3}},"line":7},"3":{"name":"(anonymous_3)","decl":{"start":{"line":10,"column":15},"end":{"line":10,"column":16}},"loc":{"start":{"line":10,"column":34},"end":{"line":15,"column":3}},"line":10},"4":{"name":"(anonymous_4)","decl":{"start":{"line":16,"column":17},"end":{"line":16,"column":18}},"loc":{"start":{"line":16,"column":34},"end":{"line":20,"column":3}},"line":16},"5":{"name":"(anonymous_5)","decl":{"start":{"line":21,"column":17},"end":{"line":21,"column":18}},"loc":{"start":{"line":21,"column":31},"end":{"line":30,"column":3}},"line":21}},"branchMap":{"0":{"loc":{"start":{"line":7,"column":16},"end":{"line":7,"column":27}},"type":"default-arg","locations":[{"start":{"line":7,"column":25},"end":{"line":7,"column":27}}],"line":7},"1":{"loc":{"start":{"line":11,"column":4},"end":{"line":11,"column":83}},"type":"if","locations":[{"start":{"line":11,"column":4},"end":{"line":11,"column":83}},{"start":{"line":11,"column":4},"end":{"line":11,"column":83}}],"line":11},"2":{"loc":{"start":{"line":13,"column":4},"end":{"line":13,"column":74}},"type":"if","locations":[{"start":{"line":13,"column":4},"end":{"line":13,"column":74}},{"start":{"line":13,"column":4},"end":{"line":13,"column":74}}],"line":13},"3":{"loc":{"start":{"line":24,"column":6},"end":{"line":27,"column":5}},"type":"if","locations":[{"start":{"line":24,"column":6},"end":{"line":27,"column":5}},{"start":{"line":24,"column":6},"end":{"line":27,"column":5}}],"line":24}},"s":{"0":7,"1":7,"2":7,"3":1,"4":7,"5":9,"6":7,"7":3,"8":1,"9":2,"10":2,"11":1,"12":1,"13":7,"14":1,"15":7,"16":1,"17":1,"18":1,"19":0,"20":0,"21":1,"22":7},"f":{"0":7,"1":1,"2":9,"3":3,"4":1,"5":1},"b":{"0":[0],"1":[1,2],"2":[1,1],"3":[0,1]},"_coverageSchema":"332fd63041d2c1bcb487cc26dd0d5f7d97098a6c","hash":"3d65fce7f7c234e273747c745d244ff8e7e70720"}
,"C:\\Users\\bruno.smedeiros\\dev\\udemy\\CURSO-API_BASEADA_EM_TESTE_COM_JEST\\projetos\\seubarriga\\src\\services\\balance.js": {"path":"C:\\Users\\bruno.smedeiros\\dev\\udemy\\CURSO-API_BASEADA_EM_TESTE_COM_JEST\\projetos\\seubarriga\\src\\services\\balance.js","statementMap":{"0":{"start":{"line":1,"column":0},"end":{"line":12,"column":2}},"1":{"start":{"line":2,"column":19},"end":{"line":10,"column":3}},"2":{"start":{"line":3,"column":4},"end":{"line":9,"column":25}},"3":{"start":{"line":11,"column":2},"end":{"line":11,"column":22}}},"fnMap":{"0":{"name":"(anonymous_0)","decl":{"start":{"line":1,"column":17},"end":{"line":1,"column":18}},"loc":{"start":{"line":1,"column":26},"end":{"line":12,"column":1}},"line":1},"1":{"name":"(anonymous_1)","decl":{"start":{"line":2,"column":19},"end":{"line":2,"column":20}},"loc":{"start":{"line":2,"column":31},"end":{"line":10,"column":3}},"line":2}},"branchMap":{},"s":{"0":7,"1":7,"2":10,"3":7},"f":{"0":7,"1":10},"b":{},"_coverageSchema":"332fd63041d2c1bcb487cc26dd0d5f7d97098a6c","hash":"8e069cc3f116599d9ff4c5c69446afc6d2a7d089"}
,"C:\\Users\\bruno.smedeiros\\dev\\udemy\\CURSO-API_BASEADA_EM_TESTE_COM_JEST\\projetos\\seubarriga\\src\\services\\transaction.js": {"path":"C:\\Users\\bruno.smedeiros\\dev\\udemy\\CURSO-API_BASEADA_EM_TESTE_COM_JEST\\projetos\\seubarriga\\src\\services\\transaction.js","statementMap":{"0":{"start":{"line":1,"column":24},"end":{"line":1,"column":60}},"1":{"start":{"line":3,"column":0},"end":{"line":50,"column":2}},"2":{"start":{"line":4,"column":15},"end":{"line":10,"column":3}},"3":{"start":{"line":5,"column":4},"end":{"line":9,"column":16}},"4":{"start":{"line":18,"column":18},"end":{"line":21,"column":3}},"5":{"start":{"line":19,"column":19},"end":{"line":19,"column":69}},"6":{"start":{"line":20,"column":4},"end":{"line":20,"column":18}},"7":{"start":{"line":23,"column":17},"end":{"line":27,"column":3}},"8":{"start":{"line":24,"column":4},"end":{"line":26,"column":32}},"9":{"start":{"line":29,"column":15},"end":{"line":42,"column":3}},"10":{"start":{"line":30,"column":27},"end":{"line":30,"column":45}},"11":{"start":{"line":31,"column":4},"end":{"line":31,"column":105}},"12":{"start":{"line":31,"column":37},"end":{"line":31,"column":105}},"13":{"start":{"line":32,"column":4},"end":{"line":32,"column":91}},"14":{"start":{"line":32,"column":30},"end":{"line":32,"column":91}},"15":{"start":{"line":33,"column":4},"end":{"line":33,"column":97}},"16":{"start":{"line":33,"column":33},"end":{"line":33,"column":97}},"17":{"start":{"line":34,"column":4},"end":{"line":34,"column":132}},"18":{"start":{"line":34,"column":71},"end":{"line":34,"column":132}},"19":{"start":{"line":35,"column":4},"end":{"line":35,"column":95}},"20":{"start":{"line":35,"column":32},"end":{"line":35,"column":95}},"21":{"start":{"line":37,"column":4},"end":{"line":40,"column":5}},"22":{"start":{"line":39,"column":6},"end":{"line":39,"column":35}},"23":{"start":{"line":41,"column":4},"end":{"line":41,"column":62}},"24":{"start":{"line":44,"column":17},"end":{"line":48,"column":3}},"25":{"start":{"line":45,"column":4},"end":{"line":47,"column":13}},"26":{"start":{"line":49,"column":2},"end":{"line":49,"column":49}}},"fnMap":{"0":{"name":"(anonymous_0)","decl":{"start":{"line":3,"column":17},"end":{"line":3,"column":18}},"loc":{"start":{"line":3,"column":26},"end":{"line":50,"column":1}},"line":3},"1":{"name":"(anonymous_1)","decl":{"start":{"line":4,"column":15},"end":{"line":4,"column":16}},"loc":{"start":{"line":4,"column":40},"end":{"line":10,"column":3}},"line":4},"2":{"name":"(anonymous_2)","decl":{"start":{"line":18,"column":18},"end":{"line":18,"column":19}},"loc":{"start":{"line":18,"column":36},"end":{"line":21,"column":3}},"line":18},"3":{"name":"(anonymous_3)","decl":{"start":{"line":23,"column":17},"end":{"line":23,"column":18}},"loc":{"start":{"line":23,"column":38},"end":{"line":27,"column":3}},"line":23},"4":{"name":"(anonymous_4)","decl":{"start":{"line":29,"column":15},"end":{"line":29,"column":16}},"loc":{"start":{"line":29,"column":32},"end":{"line":42,"column":3}},"line":29},"5":{"name":"(anonymous_5)","decl":{"start":{"line":44,"column":17},"end":{"line":44,"column":18}},"loc":{"start":{"line":44,"column":25},"end":{"line":48,"column":3}},"line":44}},"branchMap":{"0":{"loc":{"start":{"line":4,"column":24},"end":{"line":4,"column":35}},"type":"default-arg","locations":[{"start":{"line":4,"column":33},"end":{"line":4,"column":35}}],"line":4},"1":{"loc":{"start":{"line":31,"column":4},"end":{"line":31,"column":105}},"type":"if","locations":[{"start":{"line":31,"column":4},"end":{"line":31,"column":105}},{"start":{"line":31,"column":4},"end":{"line":31,"column":105}}],"line":31},"2":{"loc":{"start":{"line":32,"column":4},"end":{"line":32,"column":91}},"type":"if","locations":[{"start":{"line":32,"column":4},"end":{"line":32,"column":91}},{"start":{"line":32,"column":4},"end":{"line":32,"column":91}}],"line":32},"3":{"loc":{"start":{"line":33,"column":4},"end":{"line":33,"column":97}},"type":"if","locations":[{"start":{"line":33,"column":4},"end":{"line":33,"column":97}},{"start":{"line":33,"column":4},"end":{"line":33,"column":97}}],"line":33},"4":{"loc":{"start":{"line":34,"column":4},"end":{"line":34,"column":132}},"type":"if","locations":[{"start":{"line":34,"column":4},"end":{"line":34,"column":132}},{"start":{"line":34,"column":4},"end":{"line":34,"column":132}}],"line":34},"5":{"loc":{"start":{"line":34,"column":10},"end":{"line":34,"column":68}},"type":"binary-expr","locations":[{"start":{"line":34,"column":10},"end":{"line":34,"column":37}},{"start":{"line":34,"column":41},"end":{"line":34,"column":68}}],"line":34},"6":{"loc":{"start":{"line":35,"column":4},"end":{"line":35,"column":95}},"type":"if","locations":[{"start":{"line":35,"column":4},"end":{"line":35,"column":95}},{"start":{"line":35,"column":4},"end":{"line":35,"column":95}}],"line":35},"7":{"loc":{"start":{"line":37,"column":4},"end":{"line":40,"column":5}},"type":"if","locations":[{"start":{"line":37,"column":4},"end":{"line":40,"column":5}},{"start":{"line":37,"column":4},"end":{"line":40,"column":5}}],"line":37},"8":{"loc":{"start":{"line":37,"column":8},"end":{"line":38,"column":62}},"type":"binary-expr","locations":[{"start":{"line":37,"column":9},"end":{"line":37,"column":33}},{"start":{"line":37,"column":37},"end":{"line":37,"column":60}},{"start":{"line":38,"column":10},"end":{"line":38,"column":34}},{"start":{"line":38,"column":38},"end":{"line":38,"column":61}}],"line":37}},"s":{"0":7,"1":7,"2":7,"3":7,"4":7,"5":2,"6":2,"7":7,"8":1,"9":7,"10":15,"11":15,"12":1,"13":14,"14":1,"15":13,"16":1,"17":12,"18":1,"19":11,"20":1,"21":10,"22":5,"23":10,"24":7,"25":1,"26":7},"f":{"0":7,"1":7,"2":2,"3":1,"4":15,"5":1},"b":{"0":[1],"1":[1,14],"2":[1,13],"3":[1,12],"4":[1,11],"5":[12,5],"6":[1,10],"7":[5,5],"8":[10,6,9,4]},"_coverageSchema":"332fd63041d2c1bcb487cc26dd0d5f7d97098a6c","hash":"a37db6be73e8cf3288718aadc970ffaa75f2ec59"}
,"C:\\Users\\bruno.smedeiros\\dev\\udemy\\CURSO-API_BASEADA_EM_TESTE_COM_JEST\\projetos\\seubarriga\\src\\services\\transfer.js": {"path":"C:\\Users\\bruno.smedeiros\\dev\\udemy\\CURSO-API_BASEADA_EM_TESTE_COM_JEST\\projetos\\seubarriga\\src\\services\\transfer.js","statementMap":{"0":{"start":{"line":1,"column":24},"end":{"line":1,"column":60}},"1":{"start":{"line":3,"column":0},"end":{"line":63,"column":2}},"2":{"start":{"line":4,"column":15},"end":{"line":8,"column":3}},"3":{"start":{"line":5,"column":4},"end":{"line":7,"column":16}},"4":{"start":{"line":9,"column":18},"end":{"line":13,"column":3}},"5":{"start":{"line":10,"column":4},"end":{"line":12,"column":15}},"6":{"start":{"line":15,"column":19},"end":{"line":27,"column":3}},"7":{"start":{"line":16,"column":4},"end":{"line":16,"column":96}},"8":{"start":{"line":16,"column":31},"end":{"line":16,"column":96}},"9":{"start":{"line":17,"column":4},"end":{"line":17,"column":82}},"10":{"start":{"line":17,"column":24},"end":{"line":17,"column":82}},"11":{"start":{"line":18,"column":4},"end":{"line":18,"column":86}},"12":{"start":{"line":18,"column":27},"end":{"line":18,"column":86}},"13":{"start":{"line":19,"column":4},"end":{"line":19,"column":89}},"14":{"start":{"line":19,"column":30},"end":{"line":19,"column":89}},"15":{"start":{"line":20,"column":4},"end":{"line":20,"column":90}},"16":{"start":{"line":20,"column":31},"end":{"line":20,"column":90}},"17":{"start":{"line":21,"column":4},"end":{"line":21,"column":111}},"18":{"start":{"line":21,"column":54},"end":{"line":21,"column":111}},"19":{"start":{"line":23,"column":21},"end":{"line":23,"column":104}},"20":{"start":{"line":24,"column":4},"end":{"line":26,"column":7}},"21":{"start":{"line":25,"column":6},"end":{"line":25,"column":117}},"22":{"start":{"line":25,"column":58},"end":{"line":25,"column":117}},"23":{"start":{"line":29,"column":15},"end":{"line":40,"column":3}},"24":{"start":{"line":30,"column":19},"end":{"line":30,"column":66}},"25":{"start":{"line":31,"column":23},"end":{"line":31,"column":35}},"26":{"start":{"line":33,"column":25},"end":{"line":36,"column":5}},"27":{"start":{"line":38,"column":4},"end":{"line":38,"column":54}},"28":{"start":{"line":39,"column":4},"end":{"line":39,"column":18}},"29":{"start":{"line":42,"column":17},"end":{"line":55,"column":3}},"30":{"start":{"line":43,"column":19},"end":{"line":45,"column":28}},"31":{"start":{"line":47,"column":25},"end":{"line":50,"column":5}},"32":{"start":{"line":52,"column":4},"end":{"line":52,"column":66}},"33":{"start":{"line":53,"column":4},"end":{"line":53,"column":54}},"34":{"start":{"line":54,"column":4},"end":{"line":54,"column":18}},"35":{"start":{"line":57,"column":17},"end":{"line":60,"column":3}},"36":{"start":{"line":58,"column":4},"end":{"line":58,"column":66}},"37":{"start":{"line":59,"column":4},"end":{"line":59,"column":51}},"38":{"start":{"line":62,"column":2},"end":{"line":62,"column":59}}},"fnMap":{"0":{"name":"(anonymous_0)","decl":{"start":{"line":3,"column":17},"end":{"line":3,"column":18}},"loc":{"start":{"line":3,"column":26},"end":{"line":63,"column":1}},"line":3},"1":{"name":"(anonymous_1)","decl":{"start":{"line":4,"column":15},"end":{"line":4,"column":16}},"loc":{"start":{"line":4,"column":32},"end":{"line":8,"column":3}},"line":4},"2":{"name":"(anonymous_2)","decl":{"start":{"line":9,"column":18},"end":{"line":9,"column":19}},"loc":{"start":{"line":9,"column":35},"end":{"line":13,"column":3}},"line":9},"3":{"name":"(anonymous_3)","decl":{"start":{"line":15,"column":19},"end":{"line":15,"column":20}},"loc":{"start":{"line":15,"column":39},"end":{"line":27,"column":3}},"line":15},"4":{"name":"(anonymous_4)","decl":{"start":{"line":24,"column":21},"end":{"line":24,"column":22}},"loc":{"start":{"line":24,"column":30},"end":{"line":26,"column":5}},"line":24},"5":{"name":"(anonymous_5)","decl":{"start":{"line":29,"column":15},"end":{"line":29,"column":16}},"loc":{"start":{"line":29,"column":35},"end":{"line":40,"column":3}},"line":29},"6":{"name":"(anonymous_6)","decl":{"start":{"line":42,"column":17},"end":{"line":42,"column":18}},"loc":{"start":{"line":42,"column":41},"end":{"line":55,"column":3}},"line":42},"7":{"name":"(anonymous_7)","decl":{"start":{"line":57,"column":17},"end":{"line":57,"column":18}},"loc":{"start":{"line":57,"column":31},"end":{"line":60,"column":3}},"line":57}},"branchMap":{"0":{"loc":{"start":{"line":4,"column":16},"end":{"line":4,"column":27}},"type":"default-arg","locations":[{"start":{"line":4,"column":25},"end":{"line":4,"column":27}}],"line":4},"1":{"loc":{"start":{"line":9,"column":19},"end":{"line":9,"column":30}},"type":"default-arg","locations":[{"start":{"line":9,"column":28},"end":{"line":9,"column":30}}],"line":9},"2":{"loc":{"start":{"line":16,"column":4},"end":{"line":16,"column":96}},"type":"if","locations":[{"start":{"line":16,"column":4},"end":{"line":16,"column":96}},{"start":{"line":16,"column":4},"end":{"line":16,"column":96}}],"line":16},"3":{"loc":{"start":{"line":17,"column":4},"end":{"line":17,"column":82}},"type":"if","locations":[{"start":{"line":17,"column":4},"end":{"line":17,"column":82}},{"start":{"line":17,"column":4},"end":{"line":17,"column":82}}],"line":17},"4":{"loc":{"start":{"line":18,"column":4},"end":{"line":18,"column":86}},"type":"if","locations":[{"start":{"line":18,"column":4},"end":{"line":18,"column":86}},{"start":{"line":18,"column":4},"end":{"line":18,"column":86}}],"line":18},"5":{"loc":{"start":{"line":19,"column":4},"end":{"line":19,"column":89}},"type":"if","locations":[{"start":{"line":19,"column":4},"end":{"line":19,"column":89}},{"start":{"line":19,"column":4},"end":{"line":19,"column":89}}],"line":19},"6":{"loc":{"start":{"line":20,"column":4},"end":{"line":20,"column":90}},"type":"if","locations":[{"start":{"line":20,"column":4},"end":{"line":20,"column":90}},{"start":{"line":20,"column":4},"end":{"line":20,"column":90}}],"line":20},"7":{"loc":{"start":{"line":21,"column":4},"end":{"line":21,"column":111}},"type":"if","locations":[{"start":{"line":21,"column":4},"end":{"line":21,"column":111}},{"start":{"line":21,"column":4},"end":{"line":21,"column":111}}],"line":21},"8":{"loc":{"start":{"line":25,"column":6},"end":{"line":25,"column":117}},"type":"if","locations":[{"start":{"line":25,"column":6},"end":{"line":25,"column":117}},{"start":{"line":25,"column":6},"end":{"line":25,"column":117}}],"line":25}},"s":{"0":7,"1":7,"2":7,"3":1,"4":7,"5":12,"6":7,"7":18,"8":2,"9":16,"10":2,"11":14,"12":2,"13":12,"14":2,"15":10,"16":2,"17":8,"18":2,"19":6,"20":6,"21":12,"22":2,"23":7,"24":3,"25":3,"26":3,"27":3,"28":3,"29":7,"30":1,"31":1,"32":1,"33":1,"34":1,"35":7,"36":1,"37":1,"38":7},"f":{"0":7,"1":1,"2":12,"3":18,"4":12,"5":3,"6":1,"7":1},"b":{"0":[0],"1":[0],"2":[2,16],"3":[2,14],"4":[2,12],"5":[2,10],"6":[2,8],"7":[2,6],"8":[2,10]},"_coverageSchema":"332fd63041d2c1bcb487cc26dd0d5f7d97098a6c","hash":"7639a79ac21592470e8ce7c6ead431a80bd631ca"}
,"C:\\Users\\bruno.smedeiros\\dev\\udemy\\CURSO-API_BASEADA_EM_TESTE_COM_JEST\\projetos\\seubarriga\\src\\services\\user.js": {"path":"C:\\Users\\bruno.smedeiros\\dev\\udemy\\CURSO-API_BASEADA_EM_TESTE_COM_JEST\\projetos\\seubarriga\\src\\services\\user.js","statementMap":{"0":{"start":{"line":1,"column":15},"end":{"line":1,"column":39}},"1":{"start":{"line":2,"column":24},"end":{"line":2,"column":60}},"2":{"start":{"line":4,"column":0},"end":{"line":32,"column":2}},"3":{"start":{"line":5,"column":18},"end":{"line":7,"column":3}},"4":{"start":{"line":6,"column":4},"end":{"line":6,"column":58}},"5":{"start":{"line":9,"column":18},"end":{"line":11,"column":3}},"6":{"start":{"line":10,"column":4},"end":{"line":10,"column":49}},"7":{"start":{"line":13,"column":26},"end":{"line":16,"column":3}},"8":{"start":{"line":14,"column":17},"end":{"line":14,"column":39}},"9":{"start":{"line":15,"column":4},"end":{"line":15,"column":41}},"10":{"start":{"line":18,"column":15},"end":{"line":30,"column":3}},"11":{"start":{"line":19,"column":4},"end":{"line":19,"column":80}},"12":{"start":{"line":19,"column":20},"end":{"line":19,"column":80}},"13":{"start":{"line":20,"column":4},"end":{"line":20,"column":82}},"14":{"start":{"line":20,"column":20},"end":{"line":20,"column":82}},"15":{"start":{"line":21,"column":4},"end":{"line":21,"column":83}},"16":{"start":{"line":21,"column":22},"end":{"line":21,"column":83}},"17":{"start":{"line":23,"column":19},"end":{"line":23,"column":53}},"18":{"start":{"line":24,"column":4},"end":{"line":24,"column":62}},"19":{"start":{"line":24,"column":16},"end":{"line":24,"column":62}},"20":{"start":{"line":26,"column":20},"end":{"line":26,"column":31}},"21":{"start":{"line":27,"column":4},"end":{"line":27,"column":50}},"22":{"start":{"line":29,"column":4},"end":{"line":29,"column":67}},"23":{"start":{"line":31,"column":2},"end":{"line":31,"column":36}}},"fnMap":{"0":{"name":"(anonymous_0)","decl":{"start":{"line":4,"column":17},"end":{"line":4,"column":18}},"loc":{"start":{"line":4,"column":26},"end":{"line":32,"column":1}},"line":4},"1":{"name":"(anonymous_1)","decl":{"start":{"line":5,"column":18},"end":{"line":5,"column":19}},"loc":{"start":{"line":5,"column":24},"end":{"line":7,"column":3}},"line":5},"2":{"name":"(anonymous_2)","decl":{"start":{"line":9,"column":18},"end":{"line":9,"column":19}},"loc":{"start":{"line":9,"column":35},"end":{"line":11,"column":3}},"line":9},"3":{"name":"(anonymous_3)","decl":{"start":{"line":13,"column":26},"end":{"line":13,"column":27}},"loc":{"start":{"line":13,"column":38},"end":{"line":16,"column":3}},"line":13},"4":{"name":"(anonymous_4)","decl":{"start":{"line":18,"column":15},"end":{"line":18,"column":16}},"loc":{"start":{"line":18,"column":31},"end":{"line":30,"column":3}},"line":18}},"branchMap":{"0":{"loc":{"start":{"line":9,"column":19},"end":{"line":9,"column":30}},"type":"default-arg","locations":[{"start":{"line":9,"column":28},"end":{"line":9,"column":30}}],"line":9},"1":{"loc":{"start":{"line":19,"column":4},"end":{"line":19,"column":80}},"type":"if","locations":[{"start":{"line":19,"column":4},"end":{"line":19,"column":80}},{"start":{"line":19,"column":4},"end":{"line":19,"column":80}}],"line":19},"2":{"loc":{"start":{"line":20,"column":4},"end":{"line":20,"column":82}},"type":"if","locations":[{"start":{"line":20,"column":4},"end":{"line":20,"column":82}},{"start":{"line":20,"column":4},"end":{"line":20,"column":82}}],"line":20},"3":{"loc":{"start":{"line":21,"column":4},"end":{"line":21,"column":83}},"type":"if","locations":[{"start":{"line":21,"column":4},"end":{"line":21,"column":83}},{"start":{"line":21,"column":4},"end":{"line":21,"column":83}}],"line":21},"4":{"loc":{"start":{"line":24,"column":4},"end":{"line":24,"column":62}},"type":"if","locations":[{"start":{"line":24,"column":4},"end":{"line":24,"column":62}},{"start":{"line":24,"column":4},"end":{"line":24,"column":62}}],"line":24}},"s":{"0":7,"1":7,"2":7,"3":7,"4":1,"5":7,"6":84,"7":7,"8":8,"9":8,"10":7,"11":12,"12":1,"13":11,"14":1,"15":10,"16":1,"17":9,"18":9,"19":1,"20":8,"21":8,"22":8,"23":7},"f":{"0":7,"1":1,"2":84,"3":8,"4":12},"b":{"0":[0],"1":[1,11],"2":[1,10],"3":[1,9],"4":[1,8]},"_coverageSchema":"332fd63041d2c1bcb487cc26dd0d5f7d97098a6c","hash":"a7f83dd82e31950faf56c303d01822f17069fe9b"}
}
