TN:
SF:C:\Users\bruno.smedeiros\dev\udemy\CURSO-API_BASEADA_EM_TESTE_COM_JEST\projetos\seubarriga\knexfile.js
FNF:0
FNH:0
DA:1,7
LF:1
LH:1
BRF:0
BRH:0
end_of_record
TN:
SF:C:\Users\bruno.smedeiros\dev\udemy\CURSO-API_BASEADA_EM_TESTE_COM_JEST\projetos\seubarriga\src\app.js
FN:17,(anonymous_0)
FN:21,(anonymous_1)
FNF:2
FNH:2
FNDA:1,(anonymous_0)
FNDA:34,(anonymous_1)
DA:1,7
DA:2,7
DA:3,7
DA:4,7
DA:7,7
DA:9,7
DA:17,7
DA:18,1
DA:21,7
DA:22,34
DA:23,34
DA:24,27
DA:25,7
DA:26,7
DA:28,0
DA:30,34
DA:40,7
LF:17
LH:16
BRDA:23,0,0,27
BRDA:23,0,1,7
BRDA:25,1,0,7
BRDA:25,1,1,0
BRF:4
BRH:3
end_of_record
TN:
SF:C:\Users\bruno.smedeiros\dev\udemy\CURSO-API_BASEADA_EM_TESTE_COM_JEST\projetos\seubarriga\src\config\middlewares.js
FN:3,(anonymous_0)
FNF:1
FNH:1
FNDA:7,(anonymous_0)
DA:1,7
DA:3,7
DA:4,7
LF:3
LH:3
BRF:0
BRH:0
end_of_record
TN:
SF:C:\Users\bruno.smedeiros\dev\udemy\CURSO-API_BASEADA_EM_TESTE_COM_JEST\projetos\seubarriga\src\config\passport.js
FN:8,(anonymous_0)
FN:14,(anonymous_1)
FN:16,(anonymous_2)
FN:19,(anonymous_3)
FN:25,(anonymous_4)
FNF:5
FNH:4
FNDA:7,(anonymous_0)
FNDA:71,(anonymous_1)
FNDA:71,(anonymous_2)
FNDA:0,(anonymous_3)
FNDA:7,(anonymous_4)
DA:1,7
DA:2,7
DA:4,7
DA:6,7
DA:8,7
DA:9,7
DA:14,7
DA:15,71
DA:17,71
DA:18,0
DA:19,0
DA:22,7
DA:24,7
DA:25,7
LF:14
LH:12
BRDA:17,0,0,71
BRDA:17,0,1,0
BRF:2
BRH:1
end_of_record
TN:
SF:C:\Users\bruno.smedeiros\dev\udemy\CURSO-API_BASEADA_EM_TESTE_COM_JEST\projetos\seubarriga\src\config\router.js
FN:3,(anonymous_0)
FNF:1
FNH:1
FNDA:7,(anonymous_0)
DA:1,7
DA:3,7
DA:4,7
DA:5,7
DA:7,7
DA:8,7
DA:9,7
DA:10,7
DA:11,7
DA:13,7
LF:10
LH:10
BRF:0
BRH:0
end_of_record
TN:
SF:C:\Users\bruno.smedeiros\dev\udemy\CURSO-API_BASEADA_EM_TESTE_COM_JEST\projetos\seubarriga\src\errors\RecursoIndevidoError.js
FN:1,RecursoIndevidoError
FNF:1
FNH:1
FNDA:7,RecursoIndevidoError
DA:1,7
DA:2,7
DA:3,7
LF:3
LH:3
BRDA:1,0,0,7
BRF:1
BRH:1
end_of_record
TN:
SF:C:\Users\bruno.smedeiros\dev\udemy\CURSO-API_BASEADA_EM_TESTE_COM_JEST\projetos\seubarriga\src\errors\ValidationError.js
FN:1,ValidationError
FNF:1
FNH:1
FNDA:27,ValidationError
DA:1,7
DA:2,27
DA:3,27
LF:3
LH:3
BRF:0
BRH:0
end_of_record
TN:
SF:C:\Users\bruno.smedeiros\dev\udemy\CURSO-API_BASEADA_EM_TESTE_COM_JEST\projetos\seubarriga\src\routes\accounts.js
FN:4,(anonymous_0)
FN:7,(anonymous_1)
FN:9,(anonymous_2)
FN:12,(anonymous_3)
FN:15,(anonymous_4)
FN:19,(anonymous_5)
FN:21,(anonymous_6)
FN:24,(anonymous_7)
FN:26,(anonymous_8)
FN:29,(anonymous_9)
FN:31,(anonymous_10)
FN:34,(anonymous_11)
FN:37,(anonymous_12)
FN:39,(anonymous_13)
FN:42,(anonymous_14)
FN:44,(anonymous_15)
FNF:16
FNH:15
FNDA:7,(anonymous_0)
FNDA:6,(anonymous_1)
FNDA:6,(anonymous_2)
FNDA:3,(anonymous_3)
FNDA:3,(anonymous_4)
FNDA:1,(anonymous_5)
FNDA:2,(anonymous_6)
FNDA:1,(anonymous_7)
FNDA:1,(anonymous_8)
FNDA:1,(anonymous_9)
FNDA:1,(anonymous_10)
FNDA:0,(anonymous_11)
FNDA:1,(anonymous_12)
FNDA:1,(anonymous_13)
FNDA:1,(anonymous_14)
FNDA:1,(anonymous_15)
DA:1,7
DA:2,7
DA:4,7
DA:5,7
DA:7,7
DA:8,6
DA:10,6
DA:11,3
DA:12,3
DA:15,7
DA:18,3
DA:20,1
DA:21,2
DA:24,7
DA:25,1
DA:26,1
DA:29,7
DA:30,1
DA:32,1
DA:34,0
DA:37,7
DA:38,1
DA:39,1
DA:42,7
DA:43,1
DA:44,1
DA:47,7
LF:27
LH:26
BRDA:10,0,0,3
BRDA:10,0,1,3
BRF:2
BRH:2
end_of_record
TN:
SF:C:\Users\bruno.smedeiros\dev\udemy\CURSO-API_BASEADA_EM_TESTE_COM_JEST\projetos\seubarriga\src\routes\auth.js
FN:8,(anonymous_0)
FN:11,(anonymous_1)
FN:13,(anonymous_2)
FN:25,(anonymous_3)
FN:28,(anonymous_4)
FNF:5
FNH:5
FNDA:7,(anonymous_0)
FNDA:3,(anonymous_1)
FNDA:3,(anonymous_2)
FNDA:2,(anonymous_3)
FNDA:1,(anonymous_4)
DA:1,7
DA:2,7
DA:3,7
DA:4,7
DA:6,7
DA:8,7
DA:9,7
DA:11,7
DA:12,3
DA:14,3
DA:15,2
DA:16,1
DA:21,1
DA:23,1
DA:24,1
DA:25,2
DA:28,7
DA:29,1
DA:30,1
DA:31,1
DA:33,0
DA:37,7
LF:22
LH:21
BRDA:14,0,0,1
BRDA:14,0,1,2
BRDA:15,1,0,1
BRDA:15,1,1,1
BRF:4
BRH:4
end_of_record
TN:
SF:C:\Users\bruno.smedeiros\dev\udemy\CURSO-API_BASEADA_EM_TESTE_COM_JEST\projetos\seubarriga\src\routes\balance.js
FN:3,(anonymous_0)
FN:7,(anonymous_1)
FN:9,(anonymous_2)
FN:10,(anonymous_3)
FNF:4
FNH:3
FNDA:7,(anonymous_0)
FNDA:10,(anonymous_1)
FNDA:10,(anonymous_2)
FNDA:0,(anonymous_3)
DA:1,7
DA:3,7
DA:4,7
DA:5,7
DA:7,7
DA:8,10
DA:9,10
DA:10,0
DA:13,7
LF:9
LH:8
BRF:0
BRH:0
end_of_record
TN:
SF:C:\Users\bruno.smedeiros\dev\udemy\CURSO-API_BASEADA_EM_TESTE_COM_JEST\projetos\seubarriga\src\routes\transactions.js
FN:4,(anonymous_0)
FN:6,(anonymous_1)
FN:8,(anonymous_2)
FN:11,(anonymous_3)
FN:14,(anonymous_4)
FN:16,(anonymous_5)
FN:17,(anonymous_6)
FN:20,(anonymous_7)
FN:22,(anonymous_8)
FN:23,(anonymous_9)
FN:26,(anonymous_10)
FN:28,(anonymous_11)
FN:29,(anonymous_12)
FN:32,(anonymous_13)
FN:34,(anonymous_14)
FN:35,(anonymous_15)
FN:38,(anonymous_16)
FN:40,(anonymous_17)
FN:41,(anonymous_18)
FNF:19
FNH:14
FNDA:7,(anonymous_0)
FNDA:6,(anonymous_1)
FNDA:6,(anonymous_2)
FNDA:3,(anonymous_3)
FNDA:1,(anonymous_4)
FNDA:1,(anonymous_5)
FNDA:0,(anonymous_6)
FNDA:15,(anonymous_7)
FNDA:10,(anonymous_8)
FNDA:0,(anonymous_9)
FNDA:1,(anonymous_10)
FNDA:1,(anonymous_11)
FNDA:0,(anonymous_12)
FNDA:1,(anonymous_13)
FNDA:1,(anonymous_14)
FNDA:0,(anonymous_15)
FNDA:1,(anonymous_16)
FNDA:1,(anonymous_17)
FNDA:0,(anonymous_18)
DA:1,7
DA:2,7
DA:4,7
DA:5,7
DA:6,7
DA:7,6
DA:9,6
DA:10,3
DA:11,3
DA:14,7
DA:15,1
DA:16,1
DA:17,0
DA:20,7
DA:21,15
DA:22,10
DA:23,0
DA:26,7
DA:27,1
DA:28,1
DA:29,0
DA:32,7
DA:33,1
DA:34,1
DA:35,0
DA:38,7
DA:39,1
DA:40,1
DA:41,0
DA:44,7
LF:30
LH:25
BRDA:9,0,0,3
BRDA:9,0,1,3
BRF:2
BRH:2
end_of_record
TN:
SF:C:\Users\bruno.smedeiros\dev\udemy\CURSO-API_BASEADA_EM_TESTE_COM_JEST\projetos\seubarriga\src\routes\transfers.js
FN:4,(anonymous_0)
FN:7,(anonymous_1)
FN:9,(anonymous_2)
FN:15,(anonymous_3)
FN:18,(anonymous_4)
FN:20,(anonymous_5)
FN:21,(anonymous_6)
FN:24,(anonymous_7)
FN:26,(anonymous_8)
FN:27,(anonymous_9)
FN:30,(anonymous_10)
FN:33,(anonymous_11)
FN:34,(anonymous_12)
FN:37,(anonymous_13)
FN:39,(anonymous_14)
FN:40,(anonymous_15)
FN:43,(anonymous_16)
FN:45,(anonymous_17)
FN:46,(anonymous_18)
FN:49,(anonymous_19)
FN:51,(anonymous_20)
FN:52,(anonymous_21)
FNF:22
FNH:17
FNDA:7,(anonymous_0)
FNDA:11,(anonymous_1)
FNDA:11,(anonymous_2)
FNDA:1,(anonymous_3)
FNDA:18,(anonymous_4)
FNDA:4,(anonymous_5)
FNDA:14,(anonymous_6)
FNDA:1,(anonymous_7)
FNDA:1,(anonymous_8)
FNDA:0,(anonymous_9)
FNDA:3,(anonymous_10)
FNDA:3,(anonymous_11)
FNDA:0,(anonymous_12)
FNDA:1,(anonymous_13)
FNDA:1,(anonymous_14)
FNDA:0,(anonymous_15)
FNDA:1,(anonymous_16)
FNDA:1,(anonymous_17)
FNDA:0,(anonymous_18)
FNDA:1,(anonymous_19)
FNDA:1,(anonymous_20)
FNDA:0,(anonymous_21)
DA:1,7
DA:2,7
DA:4,7
DA:5,7
DA:7,7
DA:8,11
DA:10,11
DA:11,1
DA:13,10
DA:15,1
DA:18,7
DA:19,18
DA:20,4
DA:21,14
DA:24,7
DA:25,1
DA:26,1
DA:27,0
DA:30,7
DA:31,3
DA:32,3
DA:33,3
DA:34,0
DA:37,7
DA:38,1
DA:39,1
DA:40,0
DA:43,7
DA:44,1
DA:45,1
DA:46,0
DA:49,7
DA:50,1
DA:51,1
DA:52,0
DA:55,7
LF:36
LH:31
BRDA:10,0,0,1
BRDA:10,0,1,10
BRF:2
BRH:2
end_of_record
TN:
SF:C:\Users\bruno.smedeiros\dev\udemy\CURSO-API_BASEADA_EM_TESTE_COM_JEST\projetos\seubarriga\src\routes\users.js
FN:3,(anonymous_0)
FN:6,(anonymous_1)
FN:8,(anonymous_2)
FN:10,(anonymous_3)
FNF:4
FNH:4
FNDA:7,(anonymous_0)
FNDA:1,(anonymous_1)
FNDA:1,(anonymous_2)
FNDA:6,(anonymous_3)
DA:1,7
DA:3,7
DA:4,7
DA:6,7
DA:7,1
DA:8,1
DA:10,7
DA:11,6
DA:12,6
DA:13,2
DA:15,4
DA:18,7
LF:12
LH:12
BRF:0
BRH:0
end_of_record
TN:
SF:C:\Users\bruno.smedeiros\dev\udemy\CURSO-API_BASEADA_EM_TESTE_COM_JEST\projetos\seubarriga\src\seeds\01_transfer.js
FN:2,(anonymous_0)
FN:5,(anonymous_1)
FN:6,(anonymous_2)
FN:7,(anonymous_3)
FN:9,(anonymous_4)
FN:13,(anonymous_5)
FN:19,(anonymous_6)
FN:23,(anonymous_7)
FNF:8
FNH:8
FNDA:2,(anonymous_0)
FNDA:2,(anonymous_1)
FNDA:2,(anonymous_2)
FNDA:2,(anonymous_3)
FNDA:2,(anonymous_4)
FNDA:2,(anonymous_5)
FNDA:2,(anonymous_6)
FNDA:2,(anonymous_7)
DA:2,2
DA:4,2
DA:5,2
DA:6,2
DA:7,2
DA:9,2
DA:13,2
DA:19,2
DA:23,2
LF:9
LH:9
BRF:0
BRH:0
end_of_record
TN:
SF:C:\Users\bruno.smedeiros\dev\udemy\CURSO-API_BASEADA_EM_TESTE_COM_JEST\projetos\seubarriga\src\seeds\02_balance.js
FN:3,(anonymous_0)
FN:10,(anonymous_1)
FN:18,(anonymous_2)
FN:22,(anonymous_3)
FNF:4
FNH:4
FNDA:2,(anonymous_0)
FNDA:2,(anonymous_1)
FNDA:2,(anonymous_2)
FNDA:2,(anonymous_3)
DA:1,2
DA:3,2
DA:5,2
DA:10,2
DA:18,2
DA:22,2
LF:6
LH:6
BRF:0
BRH:0
end_of_record
TN:
SF:C:\Users\bruno.smedeiros\dev\udemy\CURSO-API_BASEADA_EM_TESTE_COM_JEST\projetos\seubarriga\src\services\account.js
FN:3,(anonymous_0)
FN:4,(anonymous_1)
FN:7,(anonymous_2)
FN:10,(anonymous_3)
FN:16,(anonymous_4)
FN:21,(anonymous_5)
FNF:6
FNH:6
FNDA:7,(anonymous_0)
FNDA:1,(anonymous_1)
FNDA:9,(anonymous_2)
FNDA:3,(anonymous_3)
FNDA:1,(anonymous_4)
FNDA:1,(anonymous_5)
DA:1,7
DA:3,7
DA:4,7
DA:5,1
DA:7,7
DA:8,9
DA:10,7
DA:11,3
DA:12,2
DA:13,2
DA:14,1
DA:16,7
DA:17,1
DA:21,7
DA:22,1
DA:23,1
DA:24,1
DA:25,0
DA:26,0
DA:29,1
DA:31,7
LF:21
LH:19
BRDA:7,0,0,0
BRDA:11,1,0,1
BRDA:11,1,1,2
BRDA:13,2,0,1
BRDA:13,2,1,1
BRDA:24,3,0,0
BRDA:24,3,1,1
BRF:7
BRH:5
end_of_record
TN:
SF:C:\Users\bruno.smedeiros\dev\udemy\CURSO-API_BASEADA_EM_TESTE_COM_JEST\projetos\seubarriga\src\services\balance.js
FN:1,(anonymous_0)
FN:2,(anonymous_1)
FNF:2
FNH:2
FNDA:7,(anonymous_0)
FNDA:10,(anonymous_1)
DA:1,7
DA:2,7
DA:3,10
DA:11,7
LF:4
LH:4
BRF:0
BRH:0
end_of_record
TN:
SF:C:\Users\bruno.smedeiros\dev\udemy\CURSO-API_BASEADA_EM_TESTE_COM_JEST\projetos\seubarriga\src\services\transaction.js
FN:3,(anonymous_0)
FN:4,(anonymous_1)
FN:18,(anonymous_2)
FN:23,(anonymous_3)
FN:29,(anonymous_4)
FN:44,(anonymous_5)
FNF:6
FNH:6
FNDA:7,(anonymous_0)
FNDA:7,(anonymous_1)
FNDA:2,(anonymous_2)
FNDA:1,(anonymous_3)
FNDA:15,(anonymous_4)
FNDA:1,(anonymous_5)
DA:1,7
DA:3,7
DA:4,7
DA:5,7
DA:18,7
DA:19,2
DA:20,2
DA:23,7
DA:24,1
DA:29,7
DA:30,15
DA:31,15
DA:32,14
DA:33,13
DA:34,12
DA:35,11
DA:37,10
DA:39,5
DA:41,10
DA:44,7
DA:45,1
DA:49,7
LF:22
LH:22
BRDA:4,0,0,1
BRDA:31,1,0,1
BRDA:31,1,1,14
BRDA:32,2,0,1
BRDA:32,2,1,13
BRDA:33,3,0,1
BRDA:33,3,1,12
BRDA:34,4,0,1
BRDA:34,4,1,11
BRDA:34,5,0,12
BRDA:34,5,1,5
BRDA:35,6,0,1
BRDA:35,6,1,10
BRDA:37,7,0,5
BRDA:37,7,1,5
BRDA:37,8,0,10
BRDA:37,8,1,6
BRDA:37,8,2,9
BRDA:37,8,3,4
BRF:19
BRH:19
end_of_record
TN:
SF:C:\Users\bruno.smedeiros\dev\udemy\CURSO-API_BASEADA_EM_TESTE_COM_JEST\projetos\seubarriga\src\services\transfer.js
FN:3,(anonymous_0)
FN:4,(anonymous_1)
FN:9,(anonymous_2)
FN:15,(anonymous_3)
FN:24,(anonymous_4)
FN:29,(anonymous_5)
FN:42,(anonymous_6)
FN:57,(anonymous_7)
FNF:8
FNH:8
FNDA:7,(anonymous_0)
FNDA:1,(anonymous_1)
FNDA:12,(anonymous_2)
FNDA:18,(anonymous_3)
FNDA:12,(anonymous_4)
FNDA:3,(anonymous_5)
FNDA:1,(anonymous_6)
FNDA:1,(anonymous_7)
DA:1,7
DA:3,7
DA:4,7
DA:5,1
DA:9,7
DA:10,12
DA:15,7
DA:16,18
DA:17,16
DA:18,14
DA:19,12
DA:20,10
DA:21,8
DA:23,6
DA:24,6
DA:25,12
DA:29,7
DA:30,3
DA:31,3
DA:33,3
DA:38,3
DA:39,3
DA:42,7
DA:43,1
DA:47,1
DA:52,1
DA:53,1
DA:54,1
DA:57,7
DA:58,1
DA:59,1
DA:62,7
LF:32
LH:32
BRDA:4,0,0,0
BRDA:9,1,0,0
BRDA:16,2,0,2
BRDA:16,2,1,16
BRDA:17,3,0,2
BRDA:17,3,1,14
BRDA:18,4,0,2
BRDA:18,4,1,12
BRDA:19,5,0,2
BRDA:19,5,1,10
BRDA:20,6,0,2
BRDA:20,6,1,8
BRDA:21,7,0,2
BRDA:21,7,1,6
BRDA:25,8,0,2
BRDA:25,8,1,10
BRF:16
BRH:14
end_of_record
TN:
SF:C:\Users\bruno.smedeiros\dev\udemy\CURSO-API_BASEADA_EM_TESTE_COM_JEST\projetos\seubarriga\src\services\user.js
FN:4,(anonymous_0)
FN:5,(anonymous_1)
FN:9,(anonymous_2)
FN:13,(anonymous_3)
FN:18,(anonymous_4)
FNF:5
FNH:5
FNDA:7,(anonymous_0)
FNDA:1,(anonymous_1)
FNDA:84,(anonymous_2)
FNDA:8,(anonymous_3)
FNDA:12,(anonymous_4)
DA:1,7
DA:2,7
DA:4,7
DA:5,7
DA:6,1
DA:9,7
DA:10,84
DA:13,7
DA:14,8
DA:15,8
DA:18,7
DA:19,12
DA:20,11
DA:21,10
DA:23,9
DA:24,9
DA:26,8
DA:27,8
DA:29,8
DA:31,7
LF:20
LH:20
BRDA:9,0,0,0
BRDA:19,1,0,1
BRDA:19,1,1,11
BRDA:20,2,0,1
BRDA:20,2,1,10
BRDA:21,3,0,1
BRDA:21,3,1,9
BRDA:24,4,0,1
BRDA:24,4,1,8
BRF:9
BRH:8
end_of_record
